This is pdfTeX, Version 3.141592653-2.6-1.40.27 (MiKTeX 25.4) (preloaded format=pdflatex 2025.4.29)  12 JUN 2025 18:50
entering extended mode
 restricted \write18 enabled.
 %&-line parsing enabled.
**./probability_theory.tex
(probability_theory.tex
LaTeX2e <2024-11-01> patch level 1
L3 programming layer <2024-12-09>
(/home/konstantin/.miktex/texmfs/install/tex/latex/base/article.cls
Document Class: article 2024/06/29 v1.4n Standard LaTeX document class
(/home/konstantin/.miktex/texmfs/install/tex/latex/base/size12.clo
File: size12.clo 2024/06/29 v1.4n Standard LaTeX file (size option)
)
\c@part=\count196
\c@section=\count197
\c@subsection=\count198
\c@subsubsection=\count199
\c@paragraph=\count266
\c@subparagraph=\count267
\c@figure=\count268
\c@table=\count269
\abovecaptionskip=\skip49
\belowcaptionskip=\skip50
\bibindent=\dimen141
)
(/home/konstantin/.miktex/texmfs/install/tex/latex/geometry/geometry.sty
Package: geometry 2020/01/02 v5.9 Page Geometry

(/home/konstantin/.miktex/texmfs/install/tex/latex/graphics/keyval.sty
Package: keyval 2022/05/29 v1.15 key=value parser (DPC)
\KV@toks@=\toks17
)
(/home/konstantin/.miktex/texmfs/install/tex/generic/iftex/ifvtex.sty
Package: ifvtex 2019/10/25 v1.7 ifvtex legacy package. Use iftex instead.

(/home/konstantin/.miktex/texmfs/install/tex/generic/iftex/iftex.sty
Package: iftex 2024/12/12 v1.0g TeX engine tests
))
\Gm@cnth=\count270
\Gm@cntv=\count271
\c@Gm@tempcnt=\count272
\Gm@bindingoffset=\dimen142
\Gm@wd@mp=\dimen143
\Gm@odd@mp=\dimen144
\Gm@even@mp=\dimen145
\Gm@layoutwidth=\dimen146
\Gm@layoutheight=\dimen147
\Gm@layouthoffset=\dimen148
\Gm@layoutvoffset=\dimen149
\Gm@dimlist=\toks18

(/home/konstantin/.miktex/texmfs/install/tex/latex/geometry/geometry.cfg))
(/home/konstantin/.miktex/texmfs/install/tex/latex/amsmath/amsmath.sty
Package: amsmath 2024/11/05 v2.17t AMS math features
\@mathmargin=\skip51

For additional information on amsmath, use the `?' option.
(/home/konstantin/.miktex/texmfs/install/tex/latex/amsmath/amstext.sty
Package: amstext 2021/08/26 v2.01 AMS text

(/home/konstantin/.miktex/texmfs/install/tex/latex/amsmath/amsgen.sty
File: amsgen.sty 1999/11/30 v2.0 generic functions
\@emptytoks=\toks19
\ex@=\dimen150
))
(/home/konstantin/.miktex/texmfs/install/tex/latex/amsmath/amsbsy.sty
Package: amsbsy 1999/11/29 v1.2d Bold Symbols
\pmbraise@=\dimen151
)
(/home/konstantin/.miktex/texmfs/install/tex/latex/amsmath/amsopn.sty
Package: amsopn 2022/04/08 v2.04 operator names
)
\inf@bad=\count273
LaTeX Info: Redefining \frac on input line 233.
\uproot@=\count274
\leftroot@=\count275
LaTeX Info: Redefining \overline on input line 398.
LaTeX Info: Redefining \colon on input line 409.
\classnum@=\count276
\DOTSCASE@=\count277
LaTeX Info: Redefining \ldots on input line 495.
LaTeX Info: Redefining \dots on input line 498.
LaTeX Info: Redefining \cdots on input line 619.
\Mathstrutbox@=\box52
\strutbox@=\box53
LaTeX Info: Redefining \big on input line 721.
LaTeX Info: Redefining \Big on input line 722.
LaTeX Info: Redefining \bigg on input line 723.
LaTeX Info: Redefining \Bigg on input line 724.
\big@size=\dimen152
LaTeX Font Info:    Redeclaring font encoding OML on input line 742.
LaTeX Font Info:    Redeclaring font encoding OMS on input line 743.
\macc@depth=\count278
LaTeX Info: Redefining \bmod on input line 904.
LaTeX Info: Redefining \pmod on input line 909.
LaTeX Info: Redefining \smash on input line 939.
LaTeX Info: Redefining \relbar on input line 969.
LaTeX Info: Redefining \Relbar on input line 970.
\c@MaxMatrixCols=\count279
\dotsspace@=\muskip17
\c@parentequation=\count280
\dspbrk@lvl=\count281
\tag@help=\toks20
\row@=\count282
\column@=\count283
\maxfields@=\count284
\andhelp@=\toks21
\eqnshift@=\dimen153
\alignsep@=\dimen154
\tagshift@=\dimen155
\tagwidth@=\dimen156
\totwidth@=\dimen157
\lineht@=\dimen158
\@envbody=\toks22
\multlinegap=\skip52
\multlinetaggap=\skip53
\mathdisplay@stack=\toks23
LaTeX Info: Redefining \[ on input line 2953.
LaTeX Info: Redefining \] on input line 2954.
)
(/home/konstantin/.miktex/texmfs/install/tex/latex/amsfonts/amssymb.sty
Package: amssymb 2013/01/14 v3.01 AMS font symbols

(/home/konstantin/.miktex/texmfs/install/tex/latex/amsfonts/amsfonts.sty
Package: amsfonts 2013/01/14 v3.01 Basic AMSFonts support
\symAMSa=\mathgroup4
\symAMSb=\mathgroup5
LaTeX Font Info:    Redeclaring math symbol \hbar on input line 98.
LaTeX Font Info:    Overwriting math alphabet `\mathfrak' in version `bold'
(Font)                  U/euf/m/n --> U/euf/b/n on input line 106.
))
(/home/konstantin/.miktex/texmfs/install/tex/latex/tools/enumerate.sty
Package: enumerate 2023/07/04 v3.00 enumerate extensions (DPC)
\@enLab=\toks24
)
(/home/konstantin/.miktex/texmfs/install/tex/latex/base/latexsym.sty
Package: latexsym 1998/08/17 v2.2e Standard LaTeX package (lasy symbols)
\symlasy=\mathgroup6
LaTeX Font Info:    Overwriting symbol font `lasy' in version `bold'
(Font)                  U/lasy/m/n --> U/lasy/b/n on input line 52.
)
(/home/konstantin/.miktex/texmfs/install/tex/latex/amscls/amsthm.sty
Package: amsthm 2020/05/29 v2.20.6
\thm@style=\toks25
\thm@bodyfont=\toks26
\thm@headfont=\toks27
\thm@notefont=\toks28
\thm@headpunct=\toks29
\thm@preskip=\skip54
\thm@postskip=\skip55
\thm@headsep=\skip56
\dth@everypar=\toks30
)
(/home/konstantin/.miktex/texmfs/install/tex/latex/base/textcomp.sty
Package: textcomp 2024/04/24 v2.1b Standard LaTeX package
)
(/home/konstantin/.miktex/texmfs/install/tex/latex/wasysym/wasysym.sty
Package: wasysym 2020/01/19 v2.4 Wasy-2 symbol support package
\symwasy=\mathgroup7
LaTeX Font Info:    Overwriting symbol font `wasy' in version `bold'
(Font)                  U/wasy/m/n --> U/wasy/b/n on input line 93.
)
(/home/konstantin/.miktex/texmfs/install/tex/latex/tools/longtable.sty
Package: longtable 2024-10-27 v4.22 Multi-page Table package (DPC)
\LTleft=\skip57
\LTright=\skip58
\LTpre=\skip59
\LTpost=\skip60
\LTchunksize=\count285
\LTcapwidth=\dimen159
\LT@head=\box54
\LT@firsthead=\box55
\LT@foot=\box56
\LT@lastfoot=\box57
\LT@gbox=\box58
\LT@cols=\count286
\LT@rows=\count287
\c@LT@tables=\count288
\c@LT@chunks=\count289
\LT@p@ftn=\toks31
)
(/home/konstantin/.miktex/texmfs/install/tex/latex/doublestroke/dsfont.sty
Package: dsfont 1995/08/01 v0.1 Double stroke roman fonts
)
(/home/konstantin/.miktex/texmfs/install/tex/latex/cmap/cmap.sty
Package: cmap 2021/02/06 v1.0j CMap support: searchable PDF
)
(/home/konstantin/.miktex/texmfs/install/tex/generic/xypic/xy.sty
(/home/konstantin/.miktex/texmfs/install/tex/generic/xypic/xy.tex
Bootstrap'ing: catcodes, docmode,
(/home/konstantin/.miktex/texmfs/install/tex/generic/xypic/xyrecat.tex)
(/home/konstantin/.miktex/texmfs/install/tex/generic/xypic/xyidioms.tex)

 Xy-pic version 3.8.9 <2013/10/06>
 Copyright (c) 1991-2013 by Kristoffer H. Rose <krisrose@tug.org> and others
 Xy-pic is free software: see the User's Guide for details.

Loading kernel: messages; fonts; allocations: state,
\X@c=\dimen160
\Y@c=\dimen161
\U@c=\dimen162
\D@c=\dimen163
\L@c=\dimen164
\R@c=\dimen165
\Edge@c=\toks32
\X@p=\dimen166
\Y@p=\dimen167
\U@p=\dimen168
\D@p=\dimen169
\L@p=\dimen170
\R@p=\dimen171
\Edge@p=\toks33
\X@origin=\dimen172
\Y@origin=\dimen173
\X@xbase=\dimen174
\Y@xbase=\dimen175
\X@ybase=\dimen176
\Y@ybase=\dimen177
\X@min=\dimen178
\Y@min=\dimen179
\X@max=\dimen180
\Y@max=\dimen181
\lastobjectbox@=\box59
\zerodotbox@=\box60
\almostz@=\dimen182
 direction,
\d@X=\dimen183
\d@Y=\dimen184
\K@=\count290
\KK@=\count291
\Direction=\count292
\K@dXdY=\dimen185
\K@dYdX=\dimen186
\xyread@=\read2
\xywrite@=\write3
\csp@=\count293
\quotPTK@=\dimen187

utility macros; pictures: \xy, positions,
\swaptoks@@=\toks34
\connectobjectbox@@=\box61
 objects,
\styletoks@=\toks35
 decorations;
kernel objects: directionals, circles, text; options; algorithms: directions,
edges, connections;  Xy-pic loaded)
(/home/konstantin/.miktex/texmfs/install/tex/generic/iftex/ifpdf.sty
Package: ifpdf 2019/10/25 v3.4 ifpdf legacy package. Use iftex instead.
)
Package: xy 2013/10/06 Xy-pic version 3.8.9

(/home/konstantin/.miktex/texmfs/install/tex/generic/xypic/xymatrix.tex
 Xy-pic option: Matrix feature v.3.14
\Row=\count294
\Col=\count295
\queue@=\toks36
\queue@@=\toks37
\qcount@=\count296
\qcount@@=\count297
\matrixsize@=\count298
 loaded)
(/home/konstantin/.miktex/texmfs/install/tex/generic/xypic/xyarrow.tex
 Xy-pic option: Arrow and Path feature v.3.9 path, \ar, loaded)
(/home/konstantin/.miktex/texmfs/install/tex/generic/xypic/xycurve.tex
 Xy-pic option: Curve and Spline extension v.3.12 curve,
\crv@cnt@=\count299
\crvpts@=\toks38
\splinebox@=\box62
\splineval@=\dimen188
\splinedepth@=\dimen189
\splinetol@=\dimen190
\splinelength@=\dimen191
 circles,
\L@=\dimen192
 loaded)
(/home/konstantin/.miktex/texmfs/install/tex/generic/xypic/xypdf.tex
 Xy-pic option: PDF driver v.1.7 Xy-pic pdf driver: `curve' extension support
(/home/konstantin/.miktex/texmfs/install/tex/generic/xypic/xypdf-cu.tex loaded)
loaded)) (/home/konstantin/.miktex/texmfs/install/tex/latex/base/inputenc.sty
Package: inputenc 2024/02/08 v1.3d Input encoding file
\inpenc@prehook=\toks39
\inpenc@posthook=\toks40
)
(/home/konstantin/.miktex/texmfs/install/tex/generic/babel/babel.sty
Package: babel 2025/01/01 v25.1 The multilingual framework for pdfLaTeX, LuaLaT
eX and XeLaTeX
\babel@savecnt=\count300
\U@D=\dimen193
\l@unhyphenated=\language79

(/home/konstantin/.miktex/texmfs/install/tex/generic/babel/txtbabel.def)
\bbl@readstream=\read3
\bbl@dirlevel=\count301

*************************************
* Local config file bblopts.cfg used
*
(/home/konstantin/.miktex/texmfs/install/tex/latex/arabi/bblopts.cfg
File: bblopts.cfg 2005/09/08 v0.1 add Arabic and Farsi to "declared" options of
 babel
)
(/home/konstantin/.miktex/texmfs/install/tex/latex/babel-russian/russianb.ldf
File: russianb.ldf 2021/01/10 1.3m Russian support for the Babel system
Language: russian 2020/09/09 1.3k Russian support for the Babel system


Package babel Warning: No Cyrillic font encoding has been loaded so far.
(babel)                A font encoding should be declared before babel.
(babel)                Default `T2A' encoding will be loaded  on input line 78.


(/home/konstantin/.miktex/texmfs/install/tex/latex/cyrillic/t2aenc.def
File: t2aenc.def 2023/11/07 v1.0k Cyrillic encoding definition file
Now handling font encoding T2A ...
... processing UTF-8 mapping file for font encoding T2A

(/home/konstantin/.miktex/texmfs/install/tex/latex/base/t2aenc.dfu
File: t2aenc.dfu 2022/06/07 v1.3c UTF-8 support
   defining Unicode char U+00A4 (decimal 164)
   defining Unicode char U+00A7 (decimal 167)
   defining Unicode char U+00AB (decimal 171)
   defining Unicode char U+00BB (decimal 187)
   defining Unicode char U+0131 (decimal 305)
   defining Unicode char U+0237 (decimal 567)
   defining Unicode char U+0400 (decimal 1024)
   defining Unicode char U+0401 (decimal 1025)
   defining Unicode char U+0402 (decimal 1026)
   defining Unicode char U+0403 (decimal 1027)
   defining Unicode char U+0404 (decimal 1028)
   defining Unicode char U+0405 (decimal 1029)
   defining Unicode char U+0406 (decimal 1030)
   defining Unicode char U+0407 (decimal 1031)
   defining Unicode char U+0408 (decimal 1032)
   defining Unicode char U+0409 (decimal 1033)
   defining Unicode char U+040A (decimal 1034)
   defining Unicode char U+040B (decimal 1035)
   defining Unicode char U+040C (decimal 1036)
   defining Unicode char U+040D (decimal 1037)
   defining Unicode char U+040E (decimal 1038)
   defining Unicode char U+040F (decimal 1039)
   defining Unicode char U+0410 (decimal 1040)
   defining Unicode char U+0411 (decimal 1041)
   defining Unicode char U+0412 (decimal 1042)
   defining Unicode char U+0413 (decimal 1043)
   defining Unicode char U+0414 (decimal 1044)
   defining Unicode char U+0415 (decimal 1045)
   defining Unicode char U+0416 (decimal 1046)
   defining Unicode char U+0417 (decimal 1047)
   defining Unicode char U+0418 (decimal 1048)
   defining Unicode char U+0419 (decimal 1049)
   defining Unicode char U+041A (decimal 1050)
   defining Unicode char U+041B (decimal 1051)
   defining Unicode char U+041C (decimal 1052)
   defining Unicode char U+041D (decimal 1053)
   defining Unicode char U+041E (decimal 1054)
   defining Unicode char U+041F (decimal 1055)
   defining Unicode char U+0420 (decimal 1056)
   defining Unicode char U+0421 (decimal 1057)
   defining Unicode char U+0422 (decimal 1058)
   defining Unicode char U+0423 (decimal 1059)
   defining Unicode char U+0424 (decimal 1060)
   defining Unicode char U+0425 (decimal 1061)
   defining Unicode char U+0426 (decimal 1062)
   defining Unicode char U+0427 (decimal 1063)
   defining Unicode char U+0428 (decimal 1064)
   defining Unicode char U+0429 (decimal 1065)
   defining Unicode char U+042A (decimal 1066)
   defining Unicode char U+042B (decimal 1067)
   defining Unicode char U+042C (decimal 1068)
   defining Unicode char U+042D (decimal 1069)
   defining Unicode char U+042E (decimal 1070)
   defining Unicode char U+042F (decimal 1071)
   defining Unicode char U+0430 (decimal 1072)
   defining Unicode char U+0431 (decimal 1073)
   defining Unicode char U+0432 (decimal 1074)
   defining Unicode char U+0433 (decimal 1075)
   defining Unicode char U+0434 (decimal 1076)
   defining Unicode char U+0435 (decimal 1077)
   defining Unicode char U+0436 (decimal 1078)
   defining Unicode char U+0437 (decimal 1079)
   defining Unicode char U+0438 (decimal 1080)
   defining Unicode char U+0439 (decimal 1081)
   defining Unicode char U+043A (decimal 1082)
   defining Unicode char U+043B (decimal 1083)
   defining Unicode char U+043C (decimal 1084)
   defining Unicode char U+043D (decimal 1085)
   defining Unicode char U+043E (decimal 1086)
   defining Unicode char U+043F (decimal 1087)
   defining Unicode char U+0440 (decimal 1088)
   defining Unicode char U+0441 (decimal 1089)
   defining Unicode char U+0442 (decimal 1090)
   defining Unicode char U+0443 (decimal 1091)
   defining Unicode char U+0444 (decimal 1092)
   defining Unicode char U+0445 (decimal 1093)
   defining Unicode char U+0446 (decimal 1094)
   defining Unicode char U+0447 (decimal 1095)
   defining Unicode char U+0448 (decimal 1096)
   defining Unicode char U+0449 (decimal 1097)
   defining Unicode char U+044A (decimal 1098)
   defining Unicode char U+044B (decimal 1099)
   defining Unicode char U+044C (decimal 1100)
   defining Unicode char U+044D (decimal 1101)
   defining Unicode char U+044E (decimal 1102)
   defining Unicode char U+044F (decimal 1103)
   defining Unicode char U+0450 (decimal 1104)
   defining Unicode char U+0451 (decimal 1105)
   defining Unicode char U+0452 (decimal 1106)
   defining Unicode char U+0453 (decimal 1107)
   defining Unicode char U+0454 (decimal 1108)
   defining Unicode char U+0455 (decimal 1109)
   defining Unicode char U+0456 (decimal 1110)
   defining Unicode char U+0457 (decimal 1111)
   defining Unicode char U+0458 (decimal 1112)
   defining Unicode char U+0459 (decimal 1113)
   defining Unicode char U+045A (decimal 1114)
   defining Unicode char U+045B (decimal 1115)
   defining Unicode char U+045C (decimal 1116)
   defining Unicode char U+045D (decimal 1117)
   defining Unicode char U+045E (decimal 1118)
   defining Unicode char U+045F (decimal 1119)
   defining Unicode char U+0490 (decimal 1168)
   defining Unicode char U+0491 (decimal 1169)
   defining Unicode char U+0492 (decimal 1170)
   defining Unicode char U+0493 (decimal 1171)
   defining Unicode char U+0496 (decimal 1174)
   defining Unicode char U+0497 (decimal 1175)
   defining Unicode char U+0498 (decimal 1176)
   defining Unicode char U+0499 (decimal 1177)
   defining Unicode char U+049A (decimal 1178)
   defining Unicode char U+049B (decimal 1179)
   defining Unicode char U+049C (decimal 1180)
   defining Unicode char U+049D (decimal 1181)
   defining Unicode char U+04A0 (decimal 1184)
   defining Unicode char U+04A1 (decimal 1185)
   defining Unicode char U+04A2 (decimal 1186)
   defining Unicode char U+04A3 (decimal 1187)
   defining Unicode char U+04A4 (decimal 1188)
   defining Unicode char U+04A5 (decimal 1189)
   defining Unicode char U+04AA (decimal 1194)
   defining Unicode char U+04AB (decimal 1195)
   defining Unicode char U+04AE (decimal 1198)
   defining Unicode char U+04AF (decimal 1199)
   defining Unicode char U+04B0 (decimal 1200)
   defining Unicode char U+04B1 (decimal 1201)
   defining Unicode char U+04B2 (decimal 1202)
   defining Unicode char U+04B3 (decimal 1203)
   defining Unicode char U+04B6 (decimal 1206)
   defining Unicode char U+04B7 (decimal 1207)
   defining Unicode char U+04B8 (decimal 1208)
   defining Unicode char U+04B9 (decimal 1209)
   defining Unicode char U+04BA (decimal 1210)
   defining Unicode char U+04BB (decimal 1211)
   defining Unicode char U+04C0 (decimal 1216)
   defining Unicode char U+04C1 (decimal 1217)
   defining Unicode char U+04C2 (decimal 1218)
   defining Unicode char U+04D0 (decimal 1232)
   defining Unicode char U+04D1 (decimal 1233)
   defining Unicode char U+04D2 (decimal 1234)
   defining Unicode char U+04D3 (decimal 1235)
   defining Unicode char U+04D4 (decimal 1236)
   defining Unicode char U+04D5 (decimal 1237)
   defining Unicode char U+04D6 (decimal 1238)
   defining Unicode char U+04D7 (decimal 1239)
   defining Unicode char U+04D8 (decimal 1240)
   defining Unicode char U+04D9 (decimal 1241)
   defining Unicode char U+04DA (decimal 1242)
   defining Unicode char U+04DB (decimal 1243)
   defining Unicode char U+04DC (decimal 1244)
   defining Unicode char U+04DD (decimal 1245)
   defining Unicode char U+04DE (decimal 1246)
   defining Unicode char U+04DF (decimal 1247)
   defining Unicode char U+04E2 (decimal 1250)
   defining Unicode char U+04E3 (decimal 1251)
   defining Unicode char U+04E4 (decimal 1252)
   defining Unicode char U+04E5 (decimal 1253)
   defining Unicode char U+04E6 (decimal 1254)
   defining Unicode char U+04E7 (decimal 1255)
   defining Unicode char U+04E8 (decimal 1256)
   defining Unicode char U+04E9 (decimal 1257)
   defining Unicode char U+04EC (decimal 1260)
   defining Unicode char U+04ED (decimal 1261)
   defining Unicode char U+04EE (decimal 1262)
   defining Unicode char U+04EF (decimal 1263)
   defining Unicode char U+04F0 (decimal 1264)
   defining Unicode char U+04F1 (decimal 1265)
   defining Unicode char U+04F2 (decimal 1266)
   defining Unicode char U+04F3 (decimal 1267)
   defining Unicode char U+04F4 (decimal 1268)
   defining Unicode char U+04F5 (decimal 1269)
   defining Unicode char U+04F8 (decimal 1272)
   defining Unicode char U+04F9 (decimal 1273)
   defining Unicode char U+200C (decimal 8204)
   defining Unicode char U+2013 (decimal 8211)
   defining Unicode char U+2014 (decimal 8212)
   defining Unicode char U+2018 (decimal 8216)
   defining Unicode char U+2019 (decimal 8217)
   defining Unicode char U+201C (decimal 8220)
   defining Unicode char U+201D (decimal 8221)
   defining Unicode char U+201E (decimal 8222)
   defining Unicode char U+2030 (decimal 8240)
   defining Unicode char U+2031 (decimal 8241)
   defining Unicode char U+2116 (decimal 8470)
   defining Unicode char U+2329 (decimal 9001)
   defining Unicode char U+3008 (decimal 12296)
   defining Unicode char U+232A (decimal 9002)
   defining Unicode char U+3009 (decimal 12297)
   defining Unicode char U+2423 (decimal 9251)
   defining Unicode char U+27E8 (decimal 10216)
   defining Unicode char U+27E9 (decimal 10217)
   defining Unicode char U+FB00 (decimal 64256)
   defining Unicode char U+FB01 (decimal 64257)
   defining Unicode char U+FB02 (decimal 64258)
   defining Unicode char U+FB03 (decimal 64259)
   defining Unicode char U+FB04 (decimal 64260)
   defining Unicode char U+FB05 (decimal 64261)
   defining Unicode char U+FB06 (decimal 64262)
))
Package babel Info: Making " an active character on input line 124.
Package babel Info: Default for \cyrdash is provided on input line 163.
))
(/home/konstantin/.miktex/texmfs/install/tex/generic/babel/locale/ru/babel-russ
ian.tex
Package babel Info: Importing font and identification data for russian
(babel)             from babel-ru.ini. Reported on input line 11.
) (/home/konstantin/.miktex/texmfs/install/tex/latex/tools/verbatim.sty
Package: verbatim 2024-01-22 v1.5x LaTeX2e package for verbatim enhancements
\every@verbatim=\toks41
\verbatim@line=\toks42
\verbatim@in@stream=\read4
) (/home/konstantin/.miktex/texmfs/install/tex/latex/cancel/cancel.sty
Package: cancel 2013/04/12 v2.2 Cancel math terms
)
(/home/konstantin/.miktex/texmfs/install/tex/latex/graphics/graphicx.sty
Package: graphicx 2021/09/16 v1.2d Enhanced LaTeX Graphics (DPC,SPQR)

(/home/konstantin/.miktex/texmfs/install/tex/latex/graphics/graphics.sty
Package: graphics 2024/08/06 v1.4g Standard LaTeX Graphics (DPC,SPQR)

(/home/konstantin/.miktex/texmfs/install/tex/latex/graphics/trig.sty
Package: trig 2023/12/02 v1.11 sin cos tan (DPC)
)
(/home/konstantin/.miktex/texmfs/install/tex/latex/graphics-cfg/graphics.cfg
File: graphics.cfg 2016/06/04 v1.11 sample graphics configuration
)
Package graphics Info: Driver file: pdftex.def on input line 106.

(/home/konstantin/.miktex/texmfs/install/tex/latex/graphics-def/pdftex.def
File: pdftex.def 2024/04/13 v1.2c Graphics/color driver for pdftex
))
\Gin@req@height=\dimen194
\Gin@req@width=\dimen195
)
(/home/konstantin/.miktex/texmfs/install/tex/latex/xcolor/xcolor.sty
Package: xcolor 2024/09/29 v3.02 LaTeX color extensions (UK)

(/home/konstantin/.miktex/texmfs/install/tex/latex/graphics-cfg/color.cfg
File: color.cfg 2016/01/02 v1.6 sample color configuration
)
Package xcolor Info: Driver file: pdftex.def on input line 274.

(/home/konstantin/.miktex/texmfs/install/tex/latex/graphics/mathcolor.ltx)
Package xcolor Info: Model `cmy' substituted by `cmy0' on input line 1349.
Package xcolor Info: Model `hsb' substituted by `rgb' on input line 1353.
Package xcolor Info: Model `RGB' extended on input line 1365.
Package xcolor Info: Model `HTML' substituted by `rgb' on input line 1367.
Package xcolor Info: Model `Hsb' substituted by `hsb' on input line 1368.
Package xcolor Info: Model `tHsb' substituted by `hsb' on input line 1369.
Package xcolor Info: Model `HSB' substituted by `hsb' on input line 1370.
Package xcolor Info: Model `Gray' substituted by `gray' on input line 1371.
Package xcolor Info: Model `wave' substituted by `hsb' on input line 1372.
)
(/home/konstantin/.miktex/texmfs/install/tex/latex/graphics/dvipsnam.def
File: dvipsnam.def 2016/06/17 v3.0m Driver-dependent file (DPC,SPQR)
)
(/home/konstantin/.miktex/texmfs/install/tex/latex/ulem/ulem.sty
\UL@box=\box63
\UL@hyphenbox=\box64
\UL@skip=\skip61
\UL@hook=\toks43
\UL@height=\dimen196
\UL@pe=\count302
\UL@pixel=\dimen197
\ULC@box=\box65
Package: ulem 2019/11/18
\ULdepth=\dimen198
)
(/home/konstantin/.miktex/texmfs/install/tex/latex/hyperref/hyperref.sty
Package: hyperref 2024-11-05 v7.01l Hypertext links for LaTeX

(/home/konstantin/.miktex/texmfs/install/tex/latex/kvsetkeys/kvsetkeys.sty
Package: kvsetkeys 2022-10-05 v1.19 Key value parser (HO)
)
(/home/konstantin/.miktex/texmfs/install/tex/generic/kvdefinekeys/kvdefinekeys.
sty
Package: kvdefinekeys 2019-12-19 v1.6 Define keys (HO)
)
(/home/konstantin/.miktex/texmfs/install/tex/generic/pdfescape/pdfescape.sty
Package: pdfescape 2019/12/09 v1.15 Implements pdfTeX's escape features (HO)

(/home/konstantin/.miktex/texmfs/install/tex/generic/ltxcmds/ltxcmds.sty
Package: ltxcmds 2023-12-04 v1.26 LaTeX kernel commands for general use (HO)
)
(/home/konstantin/.miktex/texmfs/install/tex/generic/pdftexcmds/pdftexcmds.sty
Package: pdftexcmds 2020-06-27 v0.33 Utility functions of pdfTeX for LuaTeX (HO
)

(/home/konstantin/.miktex/texmfs/install/tex/generic/infwarerr/infwarerr.sty
Package: infwarerr 2019/12/03 v1.5 Providing info/warning/error messages (HO)
)
Package pdftexcmds Info: \pdf@primitive is available.
Package pdftexcmds Info: \pdf@ifprimitive is available.
Package pdftexcmds Info: \pdfdraftmode found.
)) (/home/konstantin/.miktex/texmfs/install/tex/latex/hycolor/hycolor.sty
Package: hycolor 2020-01-27 v1.10 Color options for hyperref/bookmark (HO)
)
(/home/konstantin/.miktex/texmfs/install/tex/latex/hyperref/nameref.sty
Package: nameref 2023-11-26 v2.56 Cross-referencing by name of section

(/home/konstantin/.miktex/texmfs/install/tex/latex/refcount/refcount.sty
Package: refcount 2019/12/15 v3.6 Data extraction from label references (HO)
)
(/home/konstantin/.miktex/texmfs/install/tex/generic/gettitlestring/gettitlestr
ing.sty
Package: gettitlestring 2019/12/15 v1.6 Cleanup title references (HO)

(/home/konstantin/.miktex/texmfs/install/tex/latex/kvoptions/kvoptions.sty
Package: kvoptions 2022-06-15 v3.15 Key value format for package options (HO)
))
\c@section@level=\count303
)
(/home/konstantin/.miktex/texmfs/install/tex/latex/etoolbox/etoolbox.sty
Package: etoolbox 2020/10/05 v2.5k e-TeX tools for LaTeX (JAW)
\etb@tempcnta=\count304
)
(/home/konstantin/.miktex/texmfs/install/tex/generic/stringenc/stringenc.sty
Package: stringenc 2019/11/29 v1.12 Convert strings between diff. encodings (HO
)
)
\@linkdim=\dimen199
\Hy@linkcounter=\count305
\Hy@pagecounter=\count306

(/home/konstantin/.miktex/texmfs/install/tex/latex/hyperref/pd1enc.def
File: pd1enc.def 2024-11-05 v7.01l Hyperref: PDFDocEncoding definition (HO)
Now handling font encoding PD1 ...
... no UTF-8 mapping file for font encoding PD1
)
(/home/konstantin/.miktex/texmfs/install/tex/generic/intcalc/intcalc.sty
Package: intcalc 2019/12/15 v1.3 Expandable calculations with integers (HO)
)
\Hy@SavedSpaceFactor=\count307

(/home/konstantin/.miktex/texmfs/install/tex/latex/hyperref/puenc.def
File: puenc.def 2024-11-05 v7.01l Hyperref: PDF Unicode definition (HO)
Now handling font encoding PU ...
... no UTF-8 mapping file for font encoding PU
)
Package hyperref Info: Option `unicode' set `true' on input line 3143.
Package hyperref Info: Hyper figures OFF on input line 4157.
Package hyperref Info: Link nesting OFF on input line 4162.
Package hyperref Info: Hyper index ON on input line 4165.
Package hyperref Info: Plain pages OFF on input line 4172.
Package hyperref Info: Backreferencing OFF on input line 4177.
Package hyperref Info: Implicit mode ON; LaTeX internals redefined.
Package hyperref Info: Bookmarks ON on input line 4424.
\c@Hy@tempcnt=\count308

(/home/konstantin/.miktex/texmfs/install/tex/latex/url/url.sty
\Urlmuskip=\muskip18
Package: url 2013/09/16  ver 3.4  Verb mode for urls, etc.
)
LaTeX Info: Redefining \url on input line 4763.
\XeTeXLinkMargin=\dimen256

(/home/konstantin/.miktex/texmfs/install/tex/generic/bitset/bitset.sty
Package: bitset 2019/12/09 v1.3 Handle bit-vector datatype (HO)

(/home/konstantin/.miktex/texmfs/install/tex/generic/bigintcalc/bigintcalc.sty
Package: bigintcalc 2019/12/15 v1.5 Expandable calculations on big integers (HO
)
))
\Fld@menulength=\count309
\Field@Width=\dimen257
\Fld@charsize=\dimen258
Package hyperref Info: Hyper figures OFF on input line 6042.
Package hyperref Info: Link nesting OFF on input line 6047.
Package hyperref Info: Hyper index ON on input line 6050.
Package hyperref Info: backreferencing OFF on input line 6057.
Package hyperref Info: Link coloring OFF on input line 6062.
Package hyperref Info: Link coloring with OCG OFF on input line 6067.
Package hyperref Info: PDF/A mode OFF on input line 6072.
 (/home/konstantin/.miktex/texmfs/install/tex/latex/base/atbegshi-ltx.sty
Package: atbegshi-ltx 2021/01/10 v1.0c Emulation of the original atbegshi
package with kernel methods
)
\Hy@abspage=\count310
\c@Item=\count311
\c@Hfootnote=\count312
)
Package hyperref Info: Driver (autodetected): hpdftex.

(/home/konstantin/.miktex/texmfs/install/tex/latex/hyperref/hpdftex.def
File: hpdftex.def 2024-11-05 v7.01l Hyperref driver for pdfTeX

(/home/konstantin/.miktex/texmfs/install/tex/latex/base/atveryend-ltx.sty
Package: atveryend-ltx 2020/08/19 v1.0a Emulation of the original atveryend pac
kage
with kernel methods
)
\Fld@listcount=\count313
\c@bookmark@seq@number=\count314

(/home/konstantin/.miktex/texmfs/install/tex/latex/rerunfilecheck/rerunfilechec
k.sty
Package: rerunfilecheck 2022-07-10 v1.10 Rerun checks for auxiliary files (HO)

(/home/konstantin/.miktex/texmfs/install/tex/generic/uniquecounter/uniquecounte
r.sty
Package: uniquecounter 2019/12/15 v1.4 Provide unlimited unique counter (HO)
)
Package uniquecounter Info: New unique counter `rerunfilecheck' on input line 2
85.
)
\Hy@SectionHShift=\skip62
) (/home/konstantin/.miktex/texmfs/install/tex/latex/tikz-cd/tikz-cd.sty
Package: tikz-cd 2021/05/04 v1.0 Commutative diagrams with TikZ
(/home/konstantin/.miktex/texmfs/install/tex/latex/pgf/frontendlayer/tikz.sty
(/home/konstantin/.miktex/texmfs/install/tex/latex/pgf/basiclayer/pgf.sty
(/home/konstantin/.miktex/texmfs/install/tex/latex/pgf/utilities/pgfrcs.sty
(/home/konstantin/.miktex/texmfs/install/tex/generic/pgf/utilities/pgfutil-comm
on.tex
\pgfutil@everybye=\toks44
\pgfutil@tempdima=\dimen259
\pgfutil@tempdimb=\dimen260
)
(/home/konstantin/.miktex/texmfs/install/tex/generic/pgf/utilities/pgfutil-late
x.def
\pgfutil@abb=\box66
)
(/home/konstantin/.miktex/texmfs/install/tex/generic/pgf/utilities/pgfrcs.code.
tex (/home/konstantin/.miktex/texmfs/install/tex/generic/pgf/pgf.revision.tex)
Package: pgfrcs 2023-01-15 v3.1.10 (3.1.10)
))
Package: pgf 2023-01-15 v3.1.10 (3.1.10)
 (/home/konstantin/.miktex/texmfs/install/tex/latex/pgf/basiclayer/pgfcore.sty 
(/home/konstantin/.miktex/texmfs/install/tex/latex/pgf/systemlayer/pgfsys.sty
(/home/konstantin/.miktex/texmfs/install/tex/generic/pgf/systemlayer/pgfsys.cod
e.tex
Package: pgfsys 2023-01-15 v3.1.10 (3.1.10)

(/home/konstantin/.miktex/texmfs/install/tex/generic/pgf/utilities/pgfkeys.code
.tex
\pgfkeys@pathtoks=\toks45
\pgfkeys@temptoks=\toks46

(/home/konstantin/.miktex/texmfs/install/tex/generic/pgf/utilities/pgfkeyslibra
ryfiltered.code.tex
\pgfkeys@tmptoks=\toks47
))
\pgf@x=\dimen261
\pgf@y=\dimen262
\pgf@xa=\dimen263
\pgf@ya=\dimen264
\pgf@xb=\dimen265
\pgf@yb=\dimen266
\pgf@xc=\dimen267
\pgf@yc=\dimen268
\pgf@xd=\dimen269
\pgf@yd=\dimen270
\w@pgf@writea=\write4
\r@pgf@reada=\read5
\c@pgf@counta=\count315
\c@pgf@countb=\count316
\c@pgf@countc=\count317
\c@pgf@countd=\count318
\t@pgf@toka=\toks48
\t@pgf@tokb=\toks49
\t@pgf@tokc=\toks50
\pgf@sys@id@count=\count319

(/home/konstantin/.miktex/texmfs/install/tex/generic/pgf/systemlayer/pgf.cfg
File: pgf.cfg 2023-01-15 v3.1.10 (3.1.10)
)
Driver file for pgf: pgfsys-pdftex.def

(/home/konstantin/.miktex/texmfs/install/tex/generic/pgf/systemlayer/pgfsys-pdf
tex.def
File: pgfsys-pdftex.def 2023-01-15 v3.1.10 (3.1.10)

(/home/konstantin/.miktex/texmfs/install/tex/generic/pgf/systemlayer/pgfsys-com
mon-pdf.def
File: pgfsys-common-pdf.def 2023-01-15 v3.1.10 (3.1.10)
)))
(/home/konstantin/.miktex/texmfs/install/tex/generic/pgf/systemlayer/pgfsyssoft
path.code.tex
File: pgfsyssoftpath.code.tex 2023-01-15 v3.1.10 (3.1.10)
\pgfsyssoftpath@smallbuffer@items=\count320
\pgfsyssoftpath@bigbuffer@items=\count321
)
(/home/konstantin/.miktex/texmfs/install/tex/generic/pgf/systemlayer/pgfsysprot
ocol.code.tex
File: pgfsysprotocol.code.tex 2023-01-15 v3.1.10 (3.1.10)
))
(/home/konstantin/.miktex/texmfs/install/tex/generic/pgf/basiclayer/pgfcore.cod
e.tex
Package: pgfcore 2023-01-15 v3.1.10 (3.1.10)

(/home/konstantin/.miktex/texmfs/install/tex/generic/pgf/math/pgfmath.code.tex
(/home/konstantin/.miktex/texmfs/install/tex/generic/pgf/math/pgfmathutil.code.
tex)
(/home/konstantin/.miktex/texmfs/install/tex/generic/pgf/math/pgfmathparser.cod
e.tex
\pgfmath@dimen=\dimen271
\pgfmath@count=\count322
\pgfmath@box=\box67
\pgfmath@toks=\toks51
\pgfmath@stack@operand=\toks52
\pgfmath@stack@operation=\toks53
)
(/home/konstantin/.miktex/texmfs/install/tex/generic/pgf/math/pgfmathfunctions.
code.tex)
(/home/konstantin/.miktex/texmfs/install/tex/generic/pgf/math/pgfmathfunctions.
basic.code.tex)
(/home/konstantin/.miktex/texmfs/install/tex/generic/pgf/math/pgfmathfunctions.
trigonometric.code.tex)
(/home/konstantin/.miktex/texmfs/install/tex/generic/pgf/math/pgfmathfunctions.
random.code.tex)
(/home/konstantin/.miktex/texmfs/install/tex/generic/pgf/math/pgfmathfunctions.
comparison.code.tex)
(/home/konstantin/.miktex/texmfs/install/tex/generic/pgf/math/pgfmathfunctions.
base.code.tex)
(/home/konstantin/.miktex/texmfs/install/tex/generic/pgf/math/pgfmathfunctions.
round.code.tex)
(/home/konstantin/.miktex/texmfs/install/tex/generic/pgf/math/pgfmathfunctions.
misc.code.tex)
(/home/konstantin/.miktex/texmfs/install/tex/generic/pgf/math/pgfmathfunctions.
integerarithmetics.code.tex)
(/home/konstantin/.miktex/texmfs/install/tex/generic/pgf/math/pgfmathcalc.code.
tex)
(/home/konstantin/.miktex/texmfs/install/tex/generic/pgf/math/pgfmathfloat.code
.tex
\c@pgfmathroundto@lastzeros=\count323
))
(/home/konstantin/.miktex/texmfs/install/tex/generic/pgf/math/pgfint.code.tex)
(/home/konstantin/.miktex/texmfs/install/tex/generic/pgf/basiclayer/pgfcorepoin
ts.code.tex
File: pgfcorepoints.code.tex 2023-01-15 v3.1.10 (3.1.10)
\pgf@picminx=\dimen272
\pgf@picmaxx=\dimen273
\pgf@picminy=\dimen274
\pgf@picmaxy=\dimen275
\pgf@pathminx=\dimen276
\pgf@pathmaxx=\dimen277
\pgf@pathminy=\dimen278
\pgf@pathmaxy=\dimen279
\pgf@xx=\dimen280
\pgf@xy=\dimen281
\pgf@yx=\dimen282
\pgf@yy=\dimen283
\pgf@zx=\dimen284
\pgf@zy=\dimen285
)
(/home/konstantin/.miktex/texmfs/install/tex/generic/pgf/basiclayer/pgfcorepath
construct.code.tex
File: pgfcorepathconstruct.code.tex 2023-01-15 v3.1.10 (3.1.10)
\pgf@path@lastx=\dimen286
\pgf@path@lasty=\dimen287
)
(/home/konstantin/.miktex/texmfs/install/tex/generic/pgf/basiclayer/pgfcorepath
usage.code.tex
File: pgfcorepathusage.code.tex 2023-01-15 v3.1.10 (3.1.10)
\pgf@shorten@end@additional=\dimen288
\pgf@shorten@start@additional=\dimen289
)
(/home/konstantin/.miktex/texmfs/install/tex/generic/pgf/basiclayer/pgfcorescop
es.code.tex
File: pgfcorescopes.code.tex 2023-01-15 v3.1.10 (3.1.10)
\pgfpic=\box68
\pgf@hbox=\box69
\pgf@layerbox@main=\box70
\pgf@picture@serial@count=\count324
)
(/home/konstantin/.miktex/texmfs/install/tex/generic/pgf/basiclayer/pgfcoregrap
hicstate.code.tex
File: pgfcoregraphicstate.code.tex 2023-01-15 v3.1.10 (3.1.10)
\pgflinewidth=\dimen290
)
(/home/konstantin/.miktex/texmfs/install/tex/generic/pgf/basiclayer/pgfcoretran
sformations.code.tex
File: pgfcoretransformations.code.tex 2023-01-15 v3.1.10 (3.1.10)
\pgf@pt@x=\dimen291
\pgf@pt@y=\dimen292
\pgf@pt@temp=\dimen293
)
(/home/konstantin/.miktex/texmfs/install/tex/generic/pgf/basiclayer/pgfcorequic
k.code.tex
File: pgfcorequick.code.tex 2023-01-15 v3.1.10 (3.1.10)
)
(/home/konstantin/.miktex/texmfs/install/tex/generic/pgf/basiclayer/pgfcoreobje
cts.code.tex
File: pgfcoreobjects.code.tex 2023-01-15 v3.1.10 (3.1.10)
)
(/home/konstantin/.miktex/texmfs/install/tex/generic/pgf/basiclayer/pgfcorepath
processing.code.tex
File: pgfcorepathprocessing.code.tex 2023-01-15 v3.1.10 (3.1.10)
)
(/home/konstantin/.miktex/texmfs/install/tex/generic/pgf/basiclayer/pgfcorearro
ws.code.tex
File: pgfcorearrows.code.tex 2023-01-15 v3.1.10 (3.1.10)
\pgfarrowsep=\dimen294
)
(/home/konstantin/.miktex/texmfs/install/tex/generic/pgf/basiclayer/pgfcoreshad
e.code.tex
File: pgfcoreshade.code.tex 2023-01-15 v3.1.10 (3.1.10)
\pgf@max=\dimen295
\pgf@sys@shading@range@num=\count325
\pgf@shadingcount=\count326
)
(/home/konstantin/.miktex/texmfs/install/tex/generic/pgf/basiclayer/pgfcoreimag
e.code.tex
File: pgfcoreimage.code.tex 2023-01-15 v3.1.10 (3.1.10)
)
(/home/konstantin/.miktex/texmfs/install/tex/generic/pgf/basiclayer/pgfcoreexte
rnal.code.tex
File: pgfcoreexternal.code.tex 2023-01-15 v3.1.10 (3.1.10)
\pgfexternal@startupbox=\box71
)
(/home/konstantin/.miktex/texmfs/install/tex/generic/pgf/basiclayer/pgfcorelaye
rs.code.tex
File: pgfcorelayers.code.tex 2023-01-15 v3.1.10 (3.1.10)
)
(/home/konstantin/.miktex/texmfs/install/tex/generic/pgf/basiclayer/pgfcoretran
sparency.code.tex
File: pgfcoretransparency.code.tex 2023-01-15 v3.1.10 (3.1.10)
)
(/home/konstantin/.miktex/texmfs/install/tex/generic/pgf/basiclayer/pgfcorepatt
erns.code.tex
File: pgfcorepatterns.code.tex 2023-01-15 v3.1.10 (3.1.10)
)
(/home/konstantin/.miktex/texmfs/install/tex/generic/pgf/basiclayer/pgfcorerdf.
code.tex
File: pgfcorerdf.code.tex 2023-01-15 v3.1.10 (3.1.10)
)))
(/home/konstantin/.miktex/texmfs/install/tex/generic/pgf/modules/pgfmoduleshape
s.code.tex
File: pgfmoduleshapes.code.tex 2023-01-15 v3.1.10 (3.1.10)
\pgfnodeparttextbox=\box72
)
(/home/konstantin/.miktex/texmfs/install/tex/generic/pgf/modules/pgfmoduleplot.
code.tex
File: pgfmoduleplot.code.tex 2023-01-15 v3.1.10 (3.1.10)
)
(/home/konstantin/.miktex/texmfs/install/tex/latex/pgf/compatibility/pgfcomp-ve
rsion-0-65.sty
Package: pgfcomp-version-0-65 2023-01-15 v3.1.10 (3.1.10)
\pgf@nodesepstart=\dimen296
\pgf@nodesepend=\dimen297
)
(/home/konstantin/.miktex/texmfs/install/tex/latex/pgf/compatibility/pgfcomp-ve
rsion-1-18.sty
Package: pgfcomp-version-1-18 2023-01-15 v3.1.10 (3.1.10)
))
(/home/konstantin/.miktex/texmfs/install/tex/latex/pgf/utilities/pgffor.sty
(/home/konstantin/.miktex/texmfs/install/tex/latex/pgf/utilities/pgfkeys.sty
(/home/konstantin/.miktex/texmfs/install/tex/generic/pgf/utilities/pgfkeys.code
.tex)) (/home/konstantin/.miktex/texmfs/install/tex/latex/pgf/math/pgfmath.sty
(/home/konstantin/.miktex/texmfs/install/tex/generic/pgf/math/pgfmath.code.tex)
)
(/home/konstantin/.miktex/texmfs/install/tex/generic/pgf/utilities/pgffor.code.
tex
Package: pgffor 2023-01-15 v3.1.10 (3.1.10)
\pgffor@iter=\dimen298
\pgffor@skip=\dimen299
\pgffor@stack=\toks54
\pgffor@toks=\toks55
))
(/home/konstantin/.miktex/texmfs/install/tex/generic/pgf/frontendlayer/tikz/tik
z.code.tex
Package: tikz 2023-01-15 v3.1.10 (3.1.10)

(/home/konstantin/.miktex/texmfs/install/tex/generic/pgf/libraries/pgflibrarypl
othandlers.code.tex
File: pgflibraryplothandlers.code.tex 2023-01-15 v3.1.10 (3.1.10)
\pgf@plot@mark@count=\count327
\pgfplotmarksize=\dimen300
)
\tikz@lastx=\dimen301
\tikz@lasty=\dimen302
\tikz@lastxsaved=\dimen303
\tikz@lastysaved=\dimen304
\tikz@lastmovetox=\dimen305
\tikz@lastmovetoy=\dimen306
\tikzleveldistance=\dimen307
\tikzsiblingdistance=\dimen308
\tikz@figbox=\box73
\tikz@figbox@bg=\box74
\tikz@tempbox=\box75
\tikz@tempbox@bg=\box76
\tikztreelevel=\count328
\tikznumberofchildren=\count329
\tikznumberofcurrentchild=\count330
\tikz@fig@count=\count331

(/home/konstantin/.miktex/texmfs/install/tex/generic/pgf/modules/pgfmodulematri
x.code.tex
File: pgfmodulematrix.code.tex 2023-01-15 v3.1.10 (3.1.10)
\pgfmatrixcurrentrow=\count332
\pgfmatrixcurrentcolumn=\count333
\pgf@matrix@numberofcolumns=\count334
)
\tikz@expandcount=\count335

(/home/konstantin/.miktex/texmfs/install/tex/generic/pgf/frontendlayer/tikz/lib
raries/tikzlibrarytopaths.code.tex
File: tikzlibrarytopaths.code.tex 2023-01-15 v3.1.10 (3.1.10)
)))
(/home/konstantin/.miktex/texmfs/install/tex/latex/tikz-cd/tikzlibrarycd.code.t
ex
(/home/konstantin/.miktex/texmfs/install/tex/generic/pgf/frontendlayer/tikz/lib
raries/tikzlibrarymatrix.code.tex
File: tikzlibrarymatrix.code.tex 2023-01-15 v3.1.10 (3.1.10)
)
(/home/konstantin/.miktex/texmfs/install/tex/generic/pgf/frontendlayer/tikz/lib
raries/tikzlibraryquotes.code.tex
File: tikzlibraryquotes.code.tex 2023-01-15 v3.1.10 (3.1.10)
)
(/home/konstantin/.miktex/texmfs/install/tex/generic/pgf/libraries/pgflibraryar
rows.meta.code.tex
File: pgflibraryarrows.meta.code.tex 2023-01-15 v3.1.10 (3.1.10)
\pgfarrowinset=\dimen309
\pgfarrowlength=\dimen310
\pgfarrowwidth=\dimen311
\pgfarrowlinewidth=\dimen312
)))
\c@theorem=\count336
Package hyperref Info: Option `colorlinks' set `true' on input line 138.

(/home/konstantin/.miktex/texmfs/install/tex/latex/l3backend/l3backend-pdftex.d
ef
File: l3backend-pdftex.def 2024-05-08 L3 backend support: PDF output (pdfTeX)
\l__color_backend_stack_int=\count337
\l__pdf_internal_box=\box77
) (probability_theory.aux
LaTeX Font Info:    Trying to load font information for T2A+cmr on input line 8
.

(/home/konstantin/.miktex/texmfs/install/tex/latex/cyrillic/t2acmr.fd
File: t2acmr.fd 2001/08/11 v1.0a Computer Modern Cyrillic font definitions
)<<t2a.cmap>>)
\openout1 = `probability_theory.aux'.

LaTeX Font Info:    Checking defaults for OML/cmm/m/it on input line 175.
LaTeX Font Info:    ... okay on input line 175.
LaTeX Font Info:    Checking defaults for OMS/cmsy/m/n on input line 175.
LaTeX Font Info:    ... okay on input line 175.
LaTeX Font Info:    Checking defaults for OT1/cmr/m/n on input line 175.
LaTeX Font Info:    ... okay on input line 175.
LaTeX Font Info:    Checking defaults for T1/cmr/m/n on input line 175.
LaTeX Font Info:    ... okay on input line 175.
LaTeX Font Info:    Checking defaults for TS1/cmr/m/n on input line 175.
LaTeX Font Info:    ... okay on input line 175.
LaTeX Font Info:    Checking defaults for OMX/cmex/m/n on input line 175.
LaTeX Font Info:    ... okay on input line 175.
LaTeX Font Info:    Checking defaults for U/cmr/m/n on input line 175.
LaTeX Font Info:    ... okay on input line 175.
LaTeX Font Info:    Checking defaults for T2A/cmr/m/n on input line 175.
LaTeX Font Info:    ... okay on input line 175.
LaTeX Font Info:    Checking defaults for PD1/pdf/m/n on input line 175.
LaTeX Font Info:    ... okay on input line 175.
LaTeX Font Info:    Checking defaults for PU/pdf/m/n on input line 175.
LaTeX Font Info:    ... okay on input line 175.

*geometry* driver: auto-detecting
*geometry* detected driver: pdftex
*geometry* verbose mode - [ preamble ] result:
* driver: pdftex
* paper: <default>
* layout: <same size as paper>
* layoutoffset:(h,v)=(0.0pt,0.0pt)
* modes: 
* h-part:(L,W,R)=(85.35826pt, 443.57848pt, 85.35826pt)
* v-part:(T,H,B)=(85.35826pt, 624.25346pt, 85.35826pt)
* \paperwidth=614.295pt
* \paperheight=794.96999pt
* \textwidth=443.57848pt
* \textheight=624.25346pt
* \oddsidemargin=13.08827pt
* \evensidemargin=13.08827pt
* \topmargin=-23.91173pt
* \headheight=12.0pt
* \headsep=25.0pt
* \topskip=12.0pt
* \footskip=30.0pt
* \marginparwidth=44.0pt
* \marginparsep=10.0pt
* \columnsep=10.0pt
* \skip\footins=10.8pt plus 4.0pt minus 2.0pt
* \hoffset=0.0pt
* \voffset=0.0pt
* \mag=1000
* \@twocolumnfalse
* \@twosidefalse
* \@mparswitchfalse
* \@reversemarginfalse
* (1in=72.27pt=25.4mm, 1cm=28.453pt)

<<ot1.cmap>><<oml.cmap>><<oms.cmap>><<omx.cmap>>
LaTeX Font Info:    Trying to load font information for U+msa on input line 175
.

(/home/konstantin/.miktex/texmfs/install/tex/latex/amsfonts/umsa.fd
File: umsa.fd 2013/01/14 v3.01 AMS symbols A
)
LaTeX Font Info:    Trying to load font information for U+msb on input line 175
.

(/home/konstantin/.miktex/texmfs/install/tex/latex/amsfonts/umsb.fd
File: umsb.fd 2013/01/14 v3.01 AMS symbols B
)
LaTeX Font Info:    Trying to load font information for U+lasy on input line 17
5.

(/home/konstantin/.miktex/texmfs/install/tex/latex/base/ulasy.fd
File: ulasy.fd 1998/08/17 v2.2e LaTeX symbol font definitions
)
LaTeX Font Info:    Trying to load font information for U+wasy on input line 17
5.

(/home/konstantin/.miktex/texmfs/install/tex/latex/wasysym/uwasy.fd
File: uwasy.fd 2020/01/19 v2.4 Wasy-2 symbol font definitions
)
Package xypdf Info: Line width: 0.47998pt on input line 175.
LaTeX Info: Redefining \th on input line 175.

(/home/konstantin/.miktex/texmfs/install/tex/context/base/mkii/supp-pdf.mkii
[Loading MPS to PDF converter (version 2006.09.02).]
\scratchcounter=\count338
\scratchdimen=\dimen313
\scratchbox=\box78
\nofMPsegments=\count339
\nofMParguments=\count340
\everyMPshowfont=\toks56
\MPscratchCnt=\count341
\MPscratchDim=\dimen314
\MPnumerator=\count342
\makeMPintoPDFobject=\count343
\everyMPtoPDFconversion=\toks57
)
(/home/konstantin/.miktex/texmfs/install/tex/latex/epstopdf-pkg/epstopdf-base.s
ty
Package: epstopdf-base 2020-01-24 v2.11 Base part for package epstopdf
Package epstopdf-base Info: Redefining graphics rule for `.eps' on input line 4
85.
 (/home/konstantin/.miktex/texmfs/install/tex/latex/00miktex/epstopdf-sys.cfg
File: epstopdf-sys.cfg 2021/03/18 v2.0 Configuration of epstopdf for MiKTeX
))
Package hyperref Info: Link coloring ON on input line 175.
 (probability_theory.out) (probability_theory.out)
\@outlinefile=\write5
\openout5 = `probability_theory.out'.

 (probability_theory.toc

[1

{/home/konstantin/.miktex/texmfs/data/fonts/map/pdftex/pdftex.map}]

[2])
\tf@toc=\write6
\openout6 = `probability_theory.toc'.

LaTeX Font Info:    Trying to load font information for U+euf on input line 198
.
 (/home/konstantin/.miktex/texmfs/install/tex/latex/amsfonts/ueuf.fd
File: ueuf.fd 2013/01/14 v3.01 Euler Fraktur
)

[3]

[4
pdfTeX warning (ext4): destination with the same identifier (name{unit}) has be
en already used, duplicate ignored
<argument> ...shipout:D \box_use:N \l_shipout_box 
                                                  \__shipout_drop_firstpage_...
l.283 		
        ]

[5]

[6]
Overfull \hbox (15.63802pt too wide) in paragraph at lines 385--386
[]\T2A/cmr/m/it/12 если ме-ра $\OML/cmm/m/it/12 m$ \T2A/cmr/m/it/12 бы-ла $\OML
/cmm/m/it/12 ^^[$\T2A/cmr/m/it/12 -аддитивной, то функ-ция $\OML/cmm/m/it/12 ^^
W$ \T2A/cmr/m/it/12 так-же яв-ля-ет-ся $\OML/cmm/m/it/12 ^^[$\T2A/cmr/m/it/12 -
аддитивной. 
 []



[7]
Overfull \hbox (26.80246pt too wide) in paragraph at lines 474--475
[][]\T2A/cmr/bx/n/12 Теорема 0.15. []\T2A/cmr/m/it/12 Ме-ра $\OML/cmm/m/it/12 ^
^V$ \T2A/cmr/m/it/12 на $\OML/cmm/m/it/12 ^^[$\T2A/cmr/m/it/12 -алгебре из-ме-р
и-мых мно-жеств $\OMS/cmsy/m/n/12 M$ \T2A/cmr/m/it/12 яв-ля-ет-ся $\OML/cmm/m/i
t/12 ^^[$\T2A/cmr/m/it/12 -аддитивной. 
 []


Package hyperref Warning: Token not allowed in a PDF string (Unicode):
(hyperref)                removing `math shift' on input line 486.


Package hyperref Warning: Token not allowed in a PDF string (Unicode):
(hyperref)                removing `\sigma' on input line 486.


Package hyperref Warning: Token not allowed in a PDF string (Unicode):
(hyperref)                removing `math shift' on input line 486.



[8]

[9]
Overfull \hbox (1.96298pt too wide) in paragraph at lines 560--563
[]\T2A/cmr/m/n/12 Для до-ка-за-тель-ства су-ще-ство-ва-ния рас-смот-рим ле-бе-г
ов-ское про-
 []



[10]

[11]
Overfull \hbox (0.72601pt too wide) in paragraph at lines 685--691
[][]\T2A/cmr/bx/n/12 Предложение 0.23. []\T2A/cmr/m/it/12 Пусть $\OML/cmm/m/it/
12 f; g$ \T2A/cmr/m/it/12 --- из-ме-ри-мые функ-ции. То-гда мно-же-ство $\OML/c
mm/m/it/12 A[] \OT1/cmr/m/n/12 =
 []

LaTeX Font Info:    Trying to load font information for U+dsrom on input line 7
42.
(/home/konstantin/.miktex/texmfs/install/tex/latex/doublestroke/Udsrom.fd
File: Udsrom.fd 1995/08/01 v0.1 Double stroke roman font definitions
)

[12]

[13]
Overfull \hbox (44.0439pt too wide) in paragraph at lines 802--805
[][]\T2A/cmr/bx/n/12 Предложение 0.25. []\T2A/cmr/m/it/12 Сум-му двух $\OT1/cmr
/m/n/12 ($\T2A/cmr/m/it/12 обобщјнных$\OT1/cmr/m/n/12 )$ \T2A/cmr/m/it/12 про-с
тых функ-ций яв-ля-ет-ся $\OT1/cmr/m/n/12 ($\T2A/cmr/m/it/12 обобщјнной$\OT1/cm
r/m/n/12 )$
 []



[14]

[15]
Overfull \hbox (4.7387pt too wide) in paragraph at lines 936--942
[]\T2A/cmr/m/n/12 Рассмотрим неко-то-рую по-сле-до-ва-тель-ность ин-те-гри-ру-е
-мых обоб-
 []



[16]
Overfull \hbox (29.3645pt too wide) in paragraph at lines 953--954
[][]\T2A/cmr/bx/n/12 Предложение 0.31. []\T2A/cmr/m/it/12 Пря-мой об-раз ($\OML
/cmm/m/it/12 ^^[$\T2A/cmr/m/it/12 -аддитивной) ме-ры $\OML/cmm/m/it/12 f[]^^V$ 
\T2A/cmr/m/it/12 яв-ля-ет-ся ($\OML/cmm/m/it/12 ^^[$\T2A/cmr/m/it/12 -аддитивно
й)
 []


Overfull \hbox (16.09796pt too wide) detected at line 964
\OML/cmm/m/it/12 f[]^^V [] \OT1/cmr/m/n/12 = \OML/cmm/m/it/12 ^^V [] \OT1/cmr/m
/n/12 = \OML/cmm/m/it/12 ^^V [] \OT1/cmr/m/n/12 = [] \OML/cmm/m/it/12 ^^V\OT1/c
mr/m/n/12 (\OML/cmm/m/it/12 f[]\OT1/cmr/m/n/12 )(\OML/cmm/m/it/12 A[]\OT1/cmr/m
/n/12 ) = [] \OML/cmm/m/it/12 f[]^^V\OT1/cmr/m/n/12 (\OML/cmm/m/it/12 A[]\OT1/c
mr/m/n/12 )\OML/cmm/m/it/12 :
 []


Overfull \hbox (7.87231pt too wide) in paragraph at lines 987--993
[]\T2A/cmr/m/n/12 Если су-ще-ству-ет по-сле-до-ва-тель-ность ин-те-гри-ру-е-мых
 обоб-щјн-ных про-стых функ-
 []



[17]

Package hyperref Warning: Token not allowed in a PDF string (Unicode):
(hyperref)                removing `math shift' on input line 1034.


Package hyperref Warning: Token not allowed in a PDF string (Unicode):
(hyperref)                removing `\sigma' on input line 1034.


Package hyperref Warning: Token not allowed in a PDF string (Unicode):
(hyperref)                removing `math shift' on input line 1034.



[18]
Overfull \hbox (6.40115pt too wide) in paragraph at lines 1046--1047
[]\T2A/cmr/m/it/12 Отображение $\OML/cmm/m/it/12 f$ \T2A/cmr/m/it/12 яв-ля-ет-с
я мор-физ-мом из-ме-ри-мых про-странств $\OML/cmm/m/it/12 f [] [] \OT1/cmr/m/n/
12 (\OML/cmm/m/it/12 X; \OMS/cmsy/m/n/12 A[]\OT1/cmr/m/n/12 ) \OMS/cmsy/m/n/12 
!
 []


Overfull \hbox (17.62596pt too wide) in paragraph at lines 1067--1069
[]\T2A/cmr/m/n/12 Первый пункт про-ве-ря-ет-ся непо-сред-ствен-но и сле-ду-ет и
з теоретико-
 []


Package hyperref Warning: Token not allowed in a PDF string (Unicode):
(hyperref)                removing `math shift' on input line 1075.


Package hyperref Warning: Token not allowed in a PDF string (Unicode):
(hyperref)                removing `\sigma' on input line 1075.


Package hyperref Warning: Token not allowed in a PDF string (Unicode):
(hyperref)                removing `math shift' on input line 1075.


Overfull \hbox (26.56288pt too wide) in paragraph at lines 1086--1087
[]\T2A/cmr/m/it/12 Отображение $\OML/cmm/m/it/12 f$ \T2A/cmr/m/it/12 яв-ля-ет-с
я мор-физ-мом из-ме-ри-мых про-странств $\OML/cmm/m/it/12 f [] [] \OT1/cmr/m/n/
12 (\OML/cmm/m/it/12 X; f[]\OT1/cmr/m/n/12 (\OMS/cmsy/m/n/12 A[]\OT1/cmr/m/n/12
 )) \OMS/cmsy/m/n/12 !
 []



[19]
Overfull \hbox (17.62596pt too wide) in paragraph at lines 1107--1109
[]\T2A/cmr/m/n/12 Первый пункт про-ве-ря-ет-ся непо-сред-ствен-но и сле-ду-ет и
з теоретико-
 []


Package hyperref Warning: Token not allowed in a PDF string (Unicode):
(hyperref)                removing `math shift' on input line 1115.


Package hyperref Warning: Token not allowed in a PDF string (Unicode):
(hyperref)                removing `\sigma' on input line 1115.


Package hyperref Warning: Token not allowed in a PDF string (Unicode):
(hyperref)                removing `math shift' on input line 1115.


Package hyperref Warning: Token not allowed in a PDF string (Unicode):
(hyperref)                removing `math shift' on input line 1115.


Package hyperref Warning: Token not allowed in a PDF string (Unicode):
(hyperref)                removing `\sigma' on input line 1115.


Package hyperref Warning: Token not allowed in a PDF string (Unicode):
(hyperref)                removing `math shift' on input line 1115.



[20]

Package hyperref Warning: Token not allowed in a PDF string (Unicode):
(hyperref)                removing `math shift' on input line 1159.


Package hyperref Warning: Token not allowed in a PDF string (Unicode):
(hyperref)                removing `\sigma' on input line 1159.


Package hyperref Warning: Token not allowed in a PDF string (Unicode):
(hyperref)                removing `math shift' on input line 1159.



[21]

[22]
Overfull \hbox (28.88065pt too wide) detected at line 1274
\OML/cmm/m/it/12 B\OT1/cmr/m/n/12 (\OML/cmm/m/it/12 u \OT1/cmr/m/n/12 + \OML/cm
m/m/it/12 tv; u \OT1/cmr/m/n/12 + \OML/cmm/m/it/12 tv\OT1/cmr/m/n/12 ) = \OML/c
mm/m/it/12 B\OT1/cmr/m/n/12 (\OML/cmm/m/it/12 u; u\OT1/cmr/m/n/12 ) + \OML/cmm/
m/it/12 tB\OT1/cmr/m/n/12 (\OML/cmm/m/it/12 u; v\OT1/cmr/m/n/12 ) + \OML/cmm/m/
it/12 tB\OT1/cmr/m/n/12 (\OML/cmm/m/it/12 v; u\OT1/cmr/m/n/12 ) + \OML/cmm/m/it
/12 t[]B\OT1/cmr/m/n/12 (\OML/cmm/m/it/12 v; v\OT1/cmr/m/n/12 ) = \OML/cmm/m/it
/12 B\OT1/cmr/m/n/12 (\OML/cmm/m/it/12 u; u\OT1/cmr/m/n/12 ) + 2\OML/cmm/m/it/1
2 tB\OT1/cmr/m/n/12 (\OML/cmm/m/it/12 u; v\OT1/cmr/m/n/12 ) + \OML/cmm/m/it/12 
t[]B\OT1/cmr/m/n/12 (\OML/cmm/m/it/12 v; v\OT1/cmr/m/n/12 ) \U/msa/m/n/12 > \OT
1/cmr/m/n/12 0\OML/cmm/m/it/12 ;
 []



[23]
Overfull \hbox (20.69383pt too wide) detected at line 1325
\OML/cmm/m/it/12 D \OT1/cmr/m/n/12 = 4\OML/cmm/m/it/12 S\OT1/cmr/m/n/12 (\OML/c
mm/m/it/12 u; v\OT1/cmr/m/n/12 )[]\OML/cmm/m/it/12 S\OT1/cmr/m/n/12 (\OML/cmm/m
/it/12 v; u\OT1/cmr/m/n/12 )[] \OMS/cmsy/m/n/12 ^^@ \OT1/cmr/m/n/12 4\OML/cmm/m
/it/12 S\OT1/cmr/m/n/12 (\OML/cmm/m/it/12 u; u\OT1/cmr/m/n/12 )\OML/cmm/m/it/12
 S\OT1/cmr/m/n/12 (\OML/cmm/m/it/12 v; v\OT1/cmr/m/n/12 )\OML/cmm/m/it/12 S\OT1
/cmr/m/n/12 (\OML/cmm/m/it/12 u; v\OT1/cmr/m/n/12 )\OML/cmm/m/it/12 S\OT1/cmr/m
/n/12 (\OML/cmm/m/it/12 v; u\OT1/cmr/m/n/12 ) \U/msa/m/n/12 6 \OT1/cmr/m/n/12 0
 \OMS/cmsy/m/n/12 , \OML/cmm/m/it/12 S\OT1/cmr/m/n/12 (\OML/cmm/m/it/12 u; v\OT
1/cmr/m/n/12 )\OML/cmm/m/it/12 S\OT1/cmr/m/n/12 (\OML/cmm/m/it/12 v; u\OT1/cmr/
m/n/12 ) \U/msa/m/n/12 6 \OML/cmm/m/it/12 S\OT1/cmr/m/n/12 (\OML/cmm/m/it/12 u;
 u\OT1/cmr/m/n/12 )\OML/cmm/m/it/12 S\OT1/cmr/m/n/12 (\OML/cmm/m/it/12 v; v\OT1
/cmr/m/n/12 )
 []



[24]

[25]

Package hyperref Warning: Ignoring empty anchor on input line 1425.


Package hyperref Warning: Ignoring empty anchor on input line 1425.


Package hyperref Warning: Ignoring empty anchor on input line 1427.



[26]
Overfull \hbox (28.00813pt too wide) detected at line 1474
[] [] \OT1/cmr/m/n/12 + [](\OML/cmm/m/it/12 A[]\OT1/cmr/m/n/12 ) \OMS/cmsy/m/n/
12 ^^@ [] [] \OT1/cmr/m/n/12 =
 []



[27]
Overfull \hbox (8.6785pt too wide) detected at line 1523
[][] [] \OT1/cmr/m/n/12 = [] [] [] = [] [] [] = [] [] = [] [][] (\OML/cmm/m/it/
12 B[]\OT1/cmr/m/n/12 )\OML/cmm/m/it/12 :
 []



[28]
Overfull \hbox (17.29565pt too wide) detected at line 1577
[]\OT1/cmr/m/n/12 (\OML/cmm/m/it/12 A[]B\OT1/cmr/m/n/12 ) = [](\OML/cmm/m/it/12
 A[] \OMS/cmsy/m/n/12 j \OML/cmm/m/it/12 B\OT1/cmr/m/n/12 ) [](\OML/cmm/m/it/12
 B\OT1/cmr/m/n/12 ) = [](\OML/cmm/m/it/12 A[] \OMS/cmsy/m/n/12 j \OML/cmm/m/it/
12 A[]A[] [] A[]\OT1/cmr/m/n/12 ) [](\OML/cmm/m/it/12 A[] \OMS/cmsy/m/n/12 j \O
ML/cmm/m/it/12 A[] [] A[]\OT1/cmr/m/n/12 ) [] [](\OML/cmm/m/it/12 A[] \OMS/cmsy
/m/n/12 j \OML/cmm/m/it/12 A[]\OT1/cmr/m/n/12 ) [](\OML/cmm/m/it/12 A[]\OT1/cmr
/m/n/12 )\OML/cmm/m/it/12 :
 []



[29]

[30]

[31]

[32]

[33]
Overfull \hbox (26.85794pt too wide) in paragraph at lines 1825--1830
\OML/cmm/m/it/12 a$\T2A/cmr/m/n/12 >>. Так-же вме-сто гро-мозд-ких вы-ра-же-ний
 $[]\OT1/cmr/m/n/12 (\OML/cmm/m/it/12 ^^X[]\OT1/cmr/m/n/12 ((\OMS/cmsy/m/n/12 ^
^@1\OT1/cmr/m/n/12 ; \OML/cmm/m/it/12 b\OT1/cmr/m/n/12 )))\OML/cmm/m/it/12 ; []
\OT1/cmr/m/n/12 (\OML/cmm/m/it/12 ^^X[]\OT1/cmr/m/n/12 ((\OML/cmm/m/it/12 a\OT1
/cmr/m/n/12 ; +\OMS/cmsy/m/n/12 1\OT1/cmr/m/n/12 )))\OML/cmm/m/it/12 ; []\OT1/c
mr/m/n/12 (\OML/cmm/m/it/12 ^^X[]\OT1/cmr/m/n/12 ((\OML/cmm/m/it/12 a\OT1/cmr/m
/n/12 ; \OML/cmm/m/it/12 b\OT1/cmr/m/n/12 )))$
 []


Overfull \hbox (4.99045pt too wide) in paragraph at lines 1874--1878
\OML/cmm/m/it/12 x[]$ \T2A/cmr/m/n/12 спра-ва (мож-но счи-тать, что по-сле-до-в
а-тель-ность воз-рас-та-ет). То-гда $[]\OT1/cmr/m/n/12 (\OMS/cmsy/m/n/12 ^^@1\O
T1/cmr/m/n/12 ; \OML/cmm/m/it/12 x[]\OT1/cmr/m/n/12 ] =
 []



[34]

[35]
Overfull \hbox (32.61342pt too wide) detected at line 1959
\OML/cmm/m/it/12 ^^V[]\OT1/cmr/m/n/12 ((\OML/cmm/m/it/12 a; b\OT1/cmr/m/n/12 ])
 = \OML/cmm/m/it/12 F[]\OT1/cmr/m/n/12 (\OML/cmm/m/it/12 b\OT1/cmr/m/n/12 ) \OM
S/cmsy/m/n/12 ^^@ \OML/cmm/m/it/12 F[]\OT1/cmr/m/n/12 (\OML/cmm/m/it/12 a\OT1/c
mr/m/n/12 ) = [](\OML/cmm/m/it/12 ^^X \U/msa/m/n/12 6 \OML/cmm/m/it/12 b\OT1/cm
r/m/n/12 ) \OMS/cmsy/m/n/12 ^^@ []\OT1/cmr/m/n/12 (\OML/cmm/m/it/12 ^^X \U/msa/
m/n/12 6 \OML/cmm/m/it/12 a\OT1/cmr/m/n/12 ) = [](\OML/cmm/m/it/12 a < ^^X \U/m
sa/m/n/12 6 \OML/cmm/m/it/12 b\OT1/cmr/m/n/12 ) = [](\OML/cmm/m/it/12 ^^X[]\OT1
/cmr/m/n/12 ((\OML/cmm/m/it/12 a; b\OT1/cmr/m/n/12 ])) = \OML/cmm/m/it/12 ^^X[]
 []\OT1/cmr/m/n/12 ((\OML/cmm/m/it/12 a; b\OT1/cmr/m/n/12 ]);
 []


Overfull \hbox (42.14095pt too wide) detected at line 1961
\OML/cmm/m/it/12 ^^V[]\OT1/cmr/m/n/12 ((\OML/cmm/m/it/12 a; \OT1/cmr/m/n/12 +\O
MS/cmsy/m/n/12 1\OT1/cmr/m/n/12 )) = \OML/cmm/m/it/12 F[]\OT1/cmr/m/n/12 (+\OMS
/cmsy/m/n/12 1\OT1/cmr/m/n/12 ) \OMS/cmsy/m/n/12 ^^@ \OML/cmm/m/it/12 F[]\OT1/c
mr/m/n/12 (\OML/cmm/m/it/12 a\OT1/cmr/m/n/12 ) = 1 \OMS/cmsy/m/n/12 ^^@ []\OT1/
cmr/m/n/12 (\OML/cmm/m/it/12 ^^X \U/msa/m/n/12 6 \OML/cmm/m/it/12 a\OT1/cmr/m/n
/12 ) = [](\OML/cmm/m/it/12 ^^X > a\OT1/cmr/m/n/12 ) = [](\OML/cmm/m/it/12 ^^X[
]\OT1/cmr/m/n/12 ((\OML/cmm/m/it/12 a; \OT1/cmr/m/n/12 +\OMS/cmsy/m/n/12 1\OT1/
cmr/m/n/12 ))) = \OML/cmm/m/it/12 ^^X[] []\OT1/cmr/m/n/12 ((\OML/cmm/m/it/12 a;
 \OT1/cmr/m/n/12 +\OMS/cmsy/m/n/12 1\OT1/cmr/m/n/12 ));
 []


Overfull \hbox (32.16379pt too wide) detected at line 1963
\OML/cmm/m/it/12 ^^V[]\OT1/cmr/m/n/12 ((\OMS/cmsy/m/n/12 ^^@1\OT1/cmr/m/n/12 ; 
\OML/cmm/m/it/12 b\OT1/cmr/m/n/12 ]) = \OML/cmm/m/it/12 F[]\OT1/cmr/m/n/12 (\OM
L/cmm/m/it/12 b\OT1/cmr/m/n/12 ) \OMS/cmsy/m/n/12 ^^@ \OML/cmm/m/it/12 F[]\OT1/
cmr/m/n/12 (\OMS/cmsy/m/n/12 ^^@1\OT1/cmr/m/n/12 ) = [](\OML/cmm/m/it/12 ^^X \U
/msa/m/n/12 6 \OML/cmm/m/it/12 b\OT1/cmr/m/n/12 ) \OMS/cmsy/m/n/12 ^^@ \OT1/cmr
/m/n/12 0 = [](\OML/cmm/m/it/12 ^^X \U/msa/m/n/12 6 \OML/cmm/m/it/12 b\OT1/cmr/
m/n/12 ) = [](\OML/cmm/m/it/12 ^^X[]\OT1/cmr/m/n/12 ((\OMS/cmsy/m/n/12 ^^@1\OT1
/cmr/m/n/12 ; \OML/cmm/m/it/12 b\OT1/cmr/m/n/12 ])) = \OML/cmm/m/it/12 ^^X[] []
\OT1/cmr/m/n/12 ((\OMS/cmsy/m/n/12 ^^@1\OT1/cmr/m/n/12 ; \OML/cmm/m/it/12 b\OT1
/cmr/m/n/12 ])\OML/cmm/m/it/12 :
 []



[36]

[37]
Overfull \hbox (9.7256pt too wide) in paragraph at lines 2041--2048
[]\T2A/cmr/bx/n/12 Пример. \T2A/cmr/m/n/12 Рас-смот-рим дис-крет-ное ве-ро-ят-н
ост-ное про-стран-ство $\OT1/cmr/m/n/12 
 = \OMS/cmsy/m/n/12 f\OT1/cmr/m/n/12 1\OML/cmm/m/it/12 ; \OT1/cmr/m/n/12 2\OML/
cmm/m/it/12 ; \OT1/cmr/m/n/12 3\OML/cmm/m/it/12 ; \OT1/cmr/m/n/12 4\OML/cmm/m/i
t/12 ; \OT1/cmr/m/n/12 5\OML/cmm/m/it/12 ; \OT1/cmr/m/n/12 6\OMS/cmsy/m/n/12 g$

 []



[38]

[39]

[40]

[41] (probability_theory.aux)
 ***********
LaTeX2e <2024-11-01> patch level 1
L3 programming layer <2024-12-09>
 ***********
Package rerunfilecheck Info: File `probability_theory.out' has not changed.
(rerunfilecheck)             Checksum: 590CCF3A747071A62D951F81AF01D7B7;18275.
 ) 
Here is how much of TeX's memory you used:
 27248 strings out of 473566
 492047 string characters out of 5718235
 919212 words of memory out of 5000000
 49596 multiletter control sequences out of 15000+600000
 577624 words of font info for 99 fonts, out of 8000000 for 9000
 1141 hyphenation exceptions out of 8191
 98i,15n,101p,1411b,1075s stack positions out of 10000i,1000n,20000p,200000b,200000s
 </home/konstantin/.miktex/texmfs/data/fonts/pk/ljfour/lh/lh-t2a/dpi600/larm0
800.pk> </home/konstantin/.miktex/texmfs/data/fonts/pk/ljfour/lh/lh-t2a/dpi600/
lati1200.pk> </home/konstantin/.miktex/texmfs/data/fonts/pk/ljfour/jknappen/ec/
dpi600/tcrm1200.pk> </home/konstantin/.miktex/texmfs/data/fonts/pk/ljfour/lh/lh
-t2a/dpi600/labx1440.pk> </home/konstantin/.miktex/texmfs/data/fonts/pk/ljfour/
lh/lh-t2a/dpi600/labx1200.pk> </home/konstantin/.miktex/texmfs/data/fonts/pk/lj
four/lh/lh-t2a/dpi600/larm1200.pk> </home/konstantin/.miktex/texmfs/data/fonts/
pk/ljfour/lh/lh-t2a/dpi600/labx1728.pk> </home/konstantin/.miktex/texmfs/data/f
onts/pk/ljfour/lh/lh-t2a/dpi600/larm1440.pk> </home/konstantin/.miktex/texmfs/d
ata/fonts/pk/ljfour/lh/lh-t2a/dpi600/larm2074.pk></home/konstantin/.miktex/texm
fs/install/fonts/type1/public/amsfonts/cm/cmex10.pfb></home/konstantin/.miktex/
texmfs/install/fonts/type1/public/amsfonts/cmextra/cmex8.pfb></home/konstantin/
.miktex/texmfs/install/fonts/type1/public/amsfonts/cm/cmmi12.pfb></home/konstan
tin/.miktex/texmfs/install/fonts/type1/public/amsfonts/cm/cmmi6.pfb></home/kons
tantin/.miktex/texmfs/install/fonts/type1/public/amsfonts/cm/cmmi8.pfb></home/k
onstantin/.miktex/texmfs/install/fonts/type1/public/amsfonts/cm/cmr12.pfb></hom
e/konstantin/.miktex/texmfs/install/fonts/type1/public/amsfonts/cm/cmr6.pfb></h
ome/konstantin/.miktex/texmfs/install/fonts/type1/public/amsfonts/cm/cmr8.pfb><
/home/konstantin/.miktex/texmfs/install/fonts/type1/public/amsfonts/cm/cmsy10.p
fb></home/konstantin/.miktex/texmfs/install/fonts/type1/public/amsfonts/cm/cmsy
6.pfb></home/konstantin/.miktex/texmfs/install/fonts/type1/public/amsfonts/cm/c
msy8.pfb></home/konstantin/.miktex/texmfs/install/fonts/type1/public/doublestro
ke/dsrom12.pfb></home/konstantin/.miktex/texmfs/install/fonts/type1/public/amsf
onts/euler/eufm10.pfb></home/konstantin/.miktex/texmfs/install/fonts/type1/publ
ic/amsfonts/symbols/msam10.pfb></home/konstantin/.miktex/texmfs/install/fonts/t
ype1/public/amsfonts/symbols/msbm10.pfb>
Output written on probability_theory.pdf (41 pages, 542217 bytes).
PDF statistics:
 1346 PDF objects out of 1440 (max. 8388607)
 324 named destinations out of 1000 (max. 500000)
 505 words of extra memory for PDF output out of 10000 (max. 10000000)

