This is pdfTeX, Version 3.141592653-2.6-1.40.27 (MiKTeX 25.4) (preloaded format=pdflatex 2025.4.29)  14 JUN 2025 21:52
entering extended mode
 restricted \write18 enabled.
 %&-line parsing enabled.
**./combinatorics.tex
(combinatorics.tex
LaTeX2e <2024-11-01> patch level 1
L3 programming layer <2024-12-09>
! Undefined control sequence.
l.1 \section
            {–≠–ª–µ–º–µ–Ω—Ç–∞—Ä–Ω–∞—è –∫–æ–º–±–∏–Ω–∞—Ç–æ—Ä–∏–∫–∞}
The control sequence at the end of the top line
of your error message was never \def'ed. If you have
misspelled it (e.g., `\hobx'), type `I' and the correct
spelling (e.g., `I\hbox'). Otherwise just continue,
and I'll forget about whatever was undefined.


! LaTeX Error: Unicode character –≠ (U+042D)
               not set up for use with LaTeX.

See the LaTeX manual or LaTeX Companion for explanation.
Type  H <return>  for immediate help.
 ...                                              
                                                  
l.1 \section{–≠
               –ª–µ–º–µ–Ω—Ç–∞—Ä–Ω–∞—è –∫–æ–º–±–∏–Ω–∞—Ç–æ—Ä–∏–∫–∞}
You may provide a definition with
\DeclareUnicodeCharacter 


! LaTeX Error: Unicode character –ª (U+043B)
               not set up for use with LaTeX.

See the LaTeX manual or LaTeX Companion for explanation.
Type  H <return>  for immediate help.
 ...                                              
                                                  
l.1 \section{–≠–ª
                 –µ–º–µ–Ω—Ç–∞—Ä–Ω–∞—è –∫–æ–º–±–∏–Ω–∞—Ç–æ—Ä–∏–∫–∞}
You may provide a definition with
\DeclareUnicodeCharacter 


! LaTeX Error: Unicode character –µ (U+0435)
               not set up for use with LaTeX.

See the LaTeX manual or LaTeX Companion for explanation.
Type  H <return>  for immediate help.
 ...                                              
                                                  
l.1 \section{–≠–ª–µ
                   –º–µ–Ω—Ç–∞—Ä–Ω–∞—è –∫–æ–º–±–∏–Ω–∞—Ç–æ—Ä–∏–∫–∞}
You may provide a definition with
\DeclareUnicodeCharacter 


! LaTeX Error: Unicode character –º (U+043C)
               not set up for use with LaTeX.

See the LaTeX manual or LaTeX Companion for explanation.
Type  H <return>  for immediate help.
 ...                                              
                                                  
l.1 \section{–≠–ª–µ–º
                     –µ–Ω—Ç–∞—Ä–Ω–∞—è –∫–æ–º–±–∏–Ω–∞—Ç–æ—Ä–∏–∫–∞}
You may provide a definition with
\DeclareUnicodeCharacter 


! LaTeX Error: Unicode character –µ (U+0435)
               not set up for use with LaTeX.

See the LaTeX manual or LaTeX Companion for explanation.
Type  H <return>  for immediate help.
 ...                                              
                                                  
l.1 \section{–≠–ª–µ–º–µ
                       –Ω—Ç–∞—Ä–Ω–∞—è –∫–æ–º–±–∏–Ω–∞—Ç–æ—Ä–∏–∫–∞}
You may provide a definition with
\DeclareUnicodeCharacter 


! LaTeX Error: Unicode character –Ω (U+043D)
               not set up for use with LaTeX.

See the LaTeX manual or LaTeX Companion for explanation.
Type  H <return>  for immediate help.
 ...                                              
                                                  
l.1 \section{–≠–ª–µ–º–µ–Ω
                         —Ç–∞—Ä–Ω–∞—è –∫–æ–º–±–∏–Ω–∞—Ç–æ—Ä–∏–∫–∞}
You may provide a definition with
\DeclareUnicodeCharacter 


! LaTeX Error: Unicode character —Ç (U+0442)
               not set up for use with LaTeX.

See the LaTeX manual or LaTeX Companion for explanation.
Type  H <return>  for immediate help.
 ...                                              
                                                  
l.1 \section{–≠–ª–µ–º–µ–Ω—Ç
                           –∞—Ä–Ω–∞—è –∫–æ–º–±–∏–Ω–∞—Ç–æ—Ä–∏–∫–∞}
You may provide a definition with
\DeclareUnicodeCharacter 


! LaTeX Error: Unicode character –∞ (U+0430)
               not set up for use with LaTeX.

See the LaTeX manual or LaTeX Companion for explanation.
Type  H <return>  for immediate help.
 ...                                              
                                                  
l.1 \section{–≠–ª–µ–º–µ–Ω—Ç–∞
                             —Ä–Ω–∞—è –∫–æ–º–±–∏–Ω–∞—Ç–æ—Ä–∏–∫–∞}
You may provide a definition with
\DeclareUnicodeCharacter 


! LaTeX Error: Unicode character —Ä (U+0440)
               not set up for use with LaTeX.

See the LaTeX manual or LaTeX Companion for explanation.
Type  H <return>  for immediate help.
 ...                                              
                                                  
l.1 \section{–≠–ª–µ–º–µ–Ω—Ç–∞—Ä
                               –Ω–∞—è –∫–æ–º–±–∏–Ω–∞—Ç–æ—Ä–∏–∫–∞}
You may provide a definition with
\DeclareUnicodeCharacter 


! LaTeX Error: Unicode character –Ω (U+043D)
               not set up for use with LaTeX.

See the LaTeX manual or LaTeX Companion for explanation.
Type  H <return>  for immediate help.
 ...                                              
                                                  
l.1 \section{–≠–ª–µ–º–µ–Ω—Ç–∞—Ä–Ω
                                 –∞—è –∫–æ–º–±–∏–Ω–∞—Ç–æ—Ä–∏–∫–∞}
You may provide a definition with
\DeclareUnicodeCharacter 


! LaTeX Error: Unicode character –∞ (U+0430)
               not set up for use with LaTeX.

See the LaTeX manual or LaTeX Companion for explanation.
Type  H <return>  for immediate help.
 ...                                              
                                                  
l.1 \section{–≠–ª–µ–º–µ–Ω—Ç–∞—Ä–Ω–∞
                                   —è –∫–æ–º–±–∏–Ω–∞—Ç–æ—Ä–∏–∫–∞}
You may provide a definition with
\DeclareUnicodeCharacter 


! LaTeX Error: Unicode character —è (U+044F)
               not set up for use with LaTeX.

See the LaTeX manual or LaTeX Companion for explanation.
Type  H <return>  for immediate help.
 ...                                              
                                                  
l.1 \section{–≠–ª–µ–º–µ–Ω—Ç–∞—Ä–Ω–∞—è
                                      –∫–æ–º–±–∏–Ω–∞—Ç–æ—Ä–∏–∫–∞}
You may provide a definition with
\DeclareUnicodeCharacter 


! LaTeX Error: Unicode character –∫ (U+043A)
               not set up for use with LaTeX.

See the LaTeX manual or LaTeX Companion for explanation.
Type  H <return>  for immediate help.
 ...                                              
                                                  
l.1 \section{–≠–ª–µ–º–µ–Ω—Ç–∞—Ä–Ω–∞—è –∫
                                        –æ–º–±–∏–Ω–∞—Ç–æ—Ä–∏–∫–∞}
You may provide a definition with
\DeclareUnicodeCharacter 


! LaTeX Error: Unicode character –æ (U+043E)
               not set up for use with LaTeX.

See the LaTeX manual or LaTeX Companion for explanation.
Type  H <return>  for immediate help.
 ...                                              
                                                  
l.1 \section{–≠–ª–µ–º–µ–Ω—Ç–∞—Ä–Ω–∞—è –∫–æ
                                          –º–±–∏–Ω–∞—Ç–æ—Ä–∏–∫–∞}
You may provide a definition with
\DeclareUnicodeCharacter 


! LaTeX Error: Unicode character –º (U+043C)
               not set up for use with LaTeX.

See the LaTeX manual or LaTeX Companion for explanation.
Type  H <return>  for immediate help.
 ...                                              
                                                  
l.1 \section{–≠–ª–µ–º–µ–Ω—Ç–∞—Ä–Ω–∞—è –∫–æ–º
                                            –±–∏–Ω–∞—Ç–æ—Ä–∏–∫–∞}
You may provide a definition with
\DeclareUnicodeCharacter 


! LaTeX Error: Unicode character –± (U+0431)
               not set up for use with LaTeX.

See the LaTeX manual or LaTeX Companion for explanation.
Type  H <return>  for immediate help.
 ...                                              
                                                  
l.1 \section{–≠–ª–µ–º–µ–Ω—Ç–∞—Ä–Ω–∞—è –∫–æ–º–±
                                              –∏–Ω–∞—Ç–æ—Ä–∏–∫–∞}
You may provide a definition with
\DeclareUnicodeCharacter 


! LaTeX Error: Unicode character –∏ (U+0438)
               not set up for use with LaTeX.

See the LaTeX manual or LaTeX Companion for explanation.
Type  H <return>  for immediate help.
 ...                                              
                                                  
l.1 \section{–≠–ª–µ–º–µ–Ω—Ç–∞—Ä–Ω–∞—è –∫–æ–º–±–∏
                                                –Ω–∞—Ç–æ—Ä–∏–∫–∞}
You may provide a definition with
\DeclareUnicodeCharacter 


! LaTeX Error: Unicode character –Ω (U+043D)
               not set up for use with LaTeX.

See the LaTeX manual or LaTeX Companion for explanation.
Type  H <return>  for immediate help.
 ...                                              
                                                  
l.1 \section{–≠–ª–µ–º–µ–Ω—Ç–∞—Ä–Ω–∞—è –∫–æ–º–±–∏–Ω
                                                  –∞—Ç–æ—Ä–∏–∫–∞}
You may provide a definition with
\DeclareUnicodeCharacter 


! LaTeX Error: Unicode character –∞ (U+0430)
               not set up for use with LaTeX.

See the LaTeX manual or LaTeX Companion for explanation.
Type  H <return>  for immediate help.
 ...                                              
                                                  
l.1 ...ion{–≠–ª–µ–º–µ–Ω—Ç–∞—Ä–Ω–∞—è –∫–æ–º–±–∏–Ω–∞
                                                  —Ç–æ—Ä–∏–∫–∞}
You may provide a definition with
\DeclareUnicodeCharacter 


! LaTeX Error: Unicode character —Ç (U+0442)
               not set up for use with LaTeX.

See the LaTeX manual or LaTeX Companion for explanation.
Type  H <return>  for immediate help.
 ...                                              
                                                  
l.1 ...n{–≠–ª–µ–º–µ–Ω—Ç–∞—Ä–Ω–∞—è –∫–æ–º–±–∏–Ω–∞—Ç
                                                  –æ—Ä–∏–∫–∞}
You may provide a definition with
\DeclareUnicodeCharacter 


! LaTeX Error: Unicode character –æ (U+043E)
               not set up for use with LaTeX.

See the LaTeX manual or LaTeX Companion for explanation.
Type  H <return>  for immediate help.
 ...                                              
                                                  
l.1 ...–≠–ª–µ–º–µ–Ω—Ç–∞—Ä–Ω–∞—è –∫–æ–º–±–∏–Ω–∞—Ç–æ
                                                  —Ä–∏–∫–∞}
You may provide a definition with
\DeclareUnicodeCharacter 


! LaTeX Error: Unicode character —Ä (U+0440)
               not set up for use with LaTeX.

See the LaTeX manual or LaTeX Companion for explanation.
Type  H <return>  for immediate help.
 ...                                              
                                                  
l.1 ...–ª–µ–º–µ–Ω—Ç–∞—Ä–Ω–∞—è –∫–æ–º–±–∏–Ω–∞—Ç–æ—Ä
                                                  –∏–∫–∞}
You may provide a definition with
\DeclareUnicodeCharacter 


! LaTeX Error: Unicode character –∏ (U+0438)
               not set up for use with LaTeX.

See the LaTeX manual or LaTeX Companion for explanation.
Type  H <return>  for immediate help.
 ...                                              
                                                  
l.1 ...–µ–º–µ–Ω—Ç–∞—Ä–Ω–∞—è –∫–æ–º–±–∏–Ω–∞—Ç–æ—Ä–∏
                                                  –∫–∞}
You may provide a definition with
\DeclareUnicodeCharacter 


! LaTeX Error: Unicode character –∫ (U+043A)
               not set up for use with LaTeX.

See the LaTeX manual or LaTeX Companion for explanation.
Type  H <return>  for immediate help.
 ...                                              
                                                  
l.1 ...–º–µ–Ω—Ç–∞—Ä–Ω–∞—è –∫–æ–º–±–∏–Ω–∞—Ç–æ—Ä–∏–∫
                                                  –∞}
You may provide a definition with
\DeclareUnicodeCharacter 


! LaTeX Error: Unicode character –∞ (U+0430)
               not set up for use with LaTeX.

See the LaTeX manual or LaTeX Companion for explanation.
Type  H <return>  for immediate help.
 ...                                              
                                                  
l.1 ...–µ–Ω—Ç–∞—Ä–Ω–∞—è –∫–æ–º–±–∏–Ω–∞—Ç–æ—Ä–∏–∫–∞
                                                  }
You may provide a definition with
\DeclareUnicodeCharacter 

! Undefined control sequence.
l.3 	\subsection
                {–≠–ª–µ–º–µ–Ω—Ç–∞—Ä–Ω—ã–µ —Ñ–∞–∫—Ç—ã –¥–ª—è –ø–æ–¥—Å—á—ë—Ç–∞...
The control sequence at the end of the top line
of your error message was never \def'ed. If you have
misspelled it (e.g., `\hobx'), type `I' and the correct
spelling (e.g., `I\hbox'). Otherwise just continue,
and I'll forget about whatever was undefined.


! LaTeX Error: Unicode character –≠ (U+042D)
               not set up for use with LaTeX.

See the LaTeX manual or LaTeX Companion for explanation.
Type  H <return>  for immediate help.
 ...                                              
                                                  
l.3 	\subsection{–≠
                   –ª–µ–º–µ–Ω—Ç–∞—Ä–Ω—ã–µ —Ñ–∞–∫—Ç—ã –¥–ª—è –ø–æ–¥—Å—á—ë—Ç–∞...

You may provide a definition with
\DeclareUnicodeCharacter 


! LaTeX Error: Unicode character –ª (U+043B)
               not set up for use with LaTeX.

See the LaTeX manual or LaTeX Companion for explanation.
Type  H <return>  for immediate help.
 ...                                              
                                                  
l.3 	\subsection{–≠–ª
                     –µ–º–µ–Ω—Ç–∞—Ä–Ω—ã–µ —Ñ–∞–∫—Ç—ã –¥–ª—è –ø–æ–¥—Å—á—ë—Ç–∞...

You may provide a definition with
\DeclareUnicodeCharacter 


! LaTeX Error: Unicode character –µ (U+0435)
               not set up for use with LaTeX.

See the LaTeX manual or LaTeX Companion for explanation.
Type  H <return>  for immediate help.
 ...                                              
                                                  
l.3 	\subsection{–≠–ª–µ
                       –º–µ–Ω—Ç–∞—Ä–Ω—ã–µ —Ñ–∞–∫—Ç—ã –¥–ª—è –ø–æ–¥—Å—á—ë—Ç–∞...

You may provide a definition with
\DeclareUnicodeCharacter 


! LaTeX Error: Unicode character –º (U+043C)
               not set up for use with LaTeX.

See the LaTeX manual or LaTeX Companion for explanation.
Type  H <return>  for immediate help.
 ...                                              
                                                  
l.3 	\subsection{–≠–ª–µ–º
                         –µ–Ω—Ç–∞—Ä–Ω—ã–µ —Ñ–∞–∫—Ç—ã –¥–ª—è –ø–æ–¥—Å—á—ë—Ç–∞...

You may provide a definition with
\DeclareUnicodeCharacter 


! LaTeX Error: Unicode character –µ (U+0435)
               not set up for use with LaTeX.

See the LaTeX manual or LaTeX Companion for explanation.
Type  H <return>  for immediate help.
 ...                                              
                                                  
l.3 	\subsection{–≠–ª–µ–º–µ
                           –Ω—Ç–∞—Ä–Ω—ã–µ —Ñ–∞–∫—Ç—ã –¥–ª—è –ø–æ–¥—Å—á—ë—Ç–∞...

You may provide a definition with
\DeclareUnicodeCharacter 


! LaTeX Error: Unicode character –Ω (U+043D)
               not set up for use with LaTeX.

See the LaTeX manual or LaTeX Companion for explanation.
Type  H <return>  for immediate help.
 ...                                              
                                                  
l.3 	\subsection{–≠–ª–µ–º–µ–Ω
                             —Ç–∞—Ä–Ω—ã–µ —Ñ–∞–∫—Ç—ã –¥–ª—è –ø–æ–¥—Å—á—ë—Ç–∞...

You may provide a definition with
\DeclareUnicodeCharacter 


! LaTeX Error: Unicode character —Ç (U+0442)
               not set up for use with LaTeX.

See the LaTeX manual or LaTeX Companion for explanation.
Type  H <return>  for immediate help.
 ...                                              
                                                  
l.3 	\subsection{–≠–ª–µ–º–µ–Ω—Ç
                               –∞—Ä–Ω—ã–µ —Ñ–∞–∫—Ç—ã –¥–ª—è –ø–æ–¥—Å—á—ë—Ç–∞...

You may provide a definition with
\DeclareUnicodeCharacter 


! LaTeX Error: Unicode character –∞ (U+0430)
               not set up for use with LaTeX.

See the LaTeX manual or LaTeX Companion for explanation.
Type  H <return>  for immediate help.
 ...                                              
                                                  
l.3 	\subsection{–≠–ª–µ–º–µ–Ω—Ç–∞
                                 —Ä–Ω—ã–µ —Ñ–∞–∫—Ç—ã –¥–ª—è –ø–æ–¥—Å—á—ë—Ç–∞...

You may provide a definition with
\DeclareUnicodeCharacter 


! LaTeX Error: Unicode character —Ä (U+0440)
               not set up for use with LaTeX.

See the LaTeX manual or LaTeX Companion for explanation.
Type  H <return>  for immediate help.
 ...                                              
                                                  
l.3 	\subsection{–≠–ª–µ–º–µ–Ω—Ç–∞—Ä
                                   –Ω—ã–µ —Ñ–∞–∫—Ç—ã –¥–ª—è –ø–æ–¥—Å—á—ë—Ç–∞...

You may provide a definition with
\DeclareUnicodeCharacter 


! LaTeX Error: Unicode character –Ω (U+043D)
               not set up for use with LaTeX.

See the LaTeX manual or LaTeX Companion for explanation.
Type  H <return>  for immediate help.
 ...                                              
                                                  
l.3 	\subsection{–≠–ª–µ–º–µ–Ω—Ç–∞—Ä–Ω
                                     —ã–µ —Ñ–∞–∫—Ç—ã –¥–ª—è –ø–æ–¥—Å—á—ë—Ç–∞...

You may provide a definition with
\DeclareUnicodeCharacter 


! LaTeX Error: Unicode character —ã (U+044B)
               not set up for use with LaTeX.

See the LaTeX manual or LaTeX Companion for explanation.
Type  H <return>  for immediate help.
 ...                                              
                                                  
l.3 	\subsection{–≠–ª–µ–º–µ–Ω—Ç–∞—Ä–Ω—ã
                                       –µ —Ñ–∞–∫—Ç—ã –¥–ª—è –ø–æ–¥—Å—á—ë—Ç–∞...

You may provide a definition with
\DeclareUnicodeCharacter 


! LaTeX Error: Unicode character –µ (U+0435)
               not set up for use with LaTeX.

See the LaTeX manual or LaTeX Companion for explanation.
Type  H <return>  for immediate help.
 ...                                              
                                                  
l.3 	\subsection{–≠–ª–µ–º–µ–Ω—Ç–∞—Ä–Ω—ã–µ
                                          —Ñ–∞–∫—Ç—ã –¥–ª—è –ø–æ–¥—Å—á—ë—Ç–∞...

You may provide a definition with
\DeclareUnicodeCharacter 


! LaTeX Error: Unicode character —Ñ (U+0444)
               not set up for use with LaTeX.

See the LaTeX manual or LaTeX Companion for explanation.
Type  H <return>  for immediate help.
 ...                                              
                                                  
l.3 	\subsection{–≠–ª–µ–º–µ–Ω—Ç–∞—Ä–Ω—ã–µ —Ñ
                                            –∞–∫—Ç—ã –¥–ª—è –ø–æ–¥—Å—á—ë—Ç–∞...

You may provide a definition with
\DeclareUnicodeCharacter 


! LaTeX Error: Unicode character –∞ (U+0430)
               not set up for use with LaTeX.

See the LaTeX manual or LaTeX Companion for explanation.
Type  H <return>  for immediate help.
 ...                                              
                                                  
l.3 	\subsection{–≠–ª–µ–º–µ–Ω—Ç–∞—Ä–Ω—ã–µ —Ñ–∞
                                              –∫—Ç—ã –¥–ª—è –ø–æ–¥—Å—á—ë—Ç–∞...

You may provide a definition with
\DeclareUnicodeCharacter 


! LaTeX Error: Unicode character –∫ (U+043A)
               not set up for use with LaTeX.

See the LaTeX manual or LaTeX Companion for explanation.
Type  H <return>  for immediate help.
 ...                                              
                                                  
l.3 	\subsection{–≠–ª–µ–º–µ–Ω—Ç–∞—Ä–Ω—ã–µ —Ñ–∞–∫
                                                —Ç—ã –¥–ª—è –ø–æ–¥—Å—á—ë—Ç–∞...

You may provide a definition with
\DeclareUnicodeCharacter 


! LaTeX Error: Unicode character —Ç (U+0442)
               not set up for use with LaTeX.

See the LaTeX manual or LaTeX Companion for explanation.
Type  H <return>  for immediate help.
 ...                                              
                                                  
l.3 	\subsection{–≠–ª–µ–º–µ–Ω—Ç–∞—Ä–Ω—ã–µ —Ñ–∞–∫—Ç
                                                  —ã –¥–ª—è –ø–æ–¥—Å—á—ë—Ç–∞...

You may provide a definition with
\DeclareUnicodeCharacter 


! LaTeX Error: Unicode character —ã (U+044B)
               not set up for use with LaTeX.

See the LaTeX manual or LaTeX Companion for explanation.
Type  H <return>  for immediate help.
 ...                                              
                                                  
l.3 ...section{–≠–ª–µ–º–µ–Ω—Ç–∞—Ä–Ω—ã–µ —Ñ–∞–∫—Ç—ã
                                                   –¥–ª—è –ø–æ–¥—Å—á—ë—Ç–∞ —...

You may provide a definition with
\DeclareUnicodeCharacter 


! LaTeX Error: Unicode character –¥ (U+0434)
               not set up for use with LaTeX.

See the LaTeX manual or LaTeX Companion for explanation.
Type  H <return>  for immediate help.
 ...                                              
                                                  
l.3 ...tion{–≠–ª–µ–º–µ–Ω—Ç–∞—Ä–Ω—ã–µ —Ñ–∞–∫—Ç—ã –¥
                                                  –ª—è –ø–æ–¥—Å—á—ë—Ç–∞ —á–∏...

You may provide a definition with
\DeclareUnicodeCharacter 


! LaTeX Error: Unicode character –ª (U+043B)
               not set up for use with LaTeX.

See the LaTeX manual or LaTeX Companion for explanation.
Type  H <return>  for immediate help.
 ...                                              
                                                  
l.3 ...on{–≠–ª–µ–º–µ–Ω—Ç–∞—Ä–Ω—ã–µ —Ñ–∞–∫—Ç—ã –¥–ª
                                                  —è –ø–æ–¥—Å—á—ë—Ç–∞ —á–∏—Å...

You may provide a definition with
\DeclareUnicodeCharacter 


! LaTeX Error: Unicode character —è (U+044F)
               not set up for use with LaTeX.

See the LaTeX manual or LaTeX Companion for explanation.
Type  H <return>  for immediate help.
 ...                                              
                                                  
l.3 ...{–≠–ª–µ–º–µ–Ω—Ç–∞—Ä–Ω—ã–µ —Ñ–∞–∫—Ç—ã –¥–ª—è
                                                   –ø–æ–¥—Å—á—ë—Ç–∞ —á–∏—Å–ª...

You may provide a definition with
\DeclareUnicodeCharacter 


! LaTeX Error: Unicode character –ø (U+043F)
               not set up for use with LaTeX.

See the LaTeX manual or LaTeX Companion for explanation.
Type  H <return>  for immediate help.
 ...                                              
                                                  
l.3 ...–ª–µ–º–µ–Ω—Ç–∞—Ä–Ω—ã–µ —Ñ–∞–∫—Ç—ã –¥–ª—è –ø
                                                  –æ–¥—Å—á—ë—Ç–∞ —á–∏—Å–ª–∞ ...

You may provide a definition with
\DeclareUnicodeCharacter 


! LaTeX Error: Unicode character –æ (U+043E)
               not set up for use with LaTeX.

See the LaTeX manual or LaTeX Companion for explanation.
Type  H <return>  for immediate help.
 ...                                              
                                                  
l.3 ...–µ–º–µ–Ω—Ç–∞—Ä–Ω—ã–µ —Ñ–∞–∫—Ç—ã –¥–ª—è –ø–æ
                                                  –¥—Å—á—ë—Ç–∞ —á–∏—Å–ª–∞ –∫...

You may provide a definition with
\DeclareUnicodeCharacter 


! LaTeX Error: Unicode character –¥ (U+0434)
               not set up for use with LaTeX.

See the LaTeX manual or LaTeX Companion for explanation.
Type  H <return>  for immediate help.
 ...                                              
                                                  
l.3 ...–º–µ–Ω—Ç–∞—Ä–Ω—ã–µ —Ñ–∞–∫—Ç—ã –¥–ª—è –ø–æ–¥
                                                  —Å—á—ë—Ç–∞ —á–∏—Å–ª–∞ –∫–æ...

You may provide a definition with
\DeclareUnicodeCharacter 


! LaTeX Error: Unicode character —Å (U+0441)
               not set up for use with LaTeX.

See the LaTeX manual or LaTeX Companion for explanation.
Type  H <return>  for immediate help.
 ...                                              
                                                  
l.3 ...–µ–Ω—Ç–∞—Ä–Ω—ã–µ —Ñ–∞–∫—Ç—ã –¥–ª—è –ø–æ–¥—Å
                                                  —á—ë—Ç–∞ —á–∏—Å–ª–∞ –∫–æ–º...

You may provide a definition with
\DeclareUnicodeCharacter 


! LaTeX Error: Unicode character —á (U+0447)
               not set up for use with LaTeX.

See the LaTeX manual or LaTeX Companion for explanation.
Type  H <return>  for immediate help.
 ...                                              
                                                  
l.3 ...–Ω—Ç–∞—Ä–Ω—ã–µ —Ñ–∞–∫—Ç—ã –¥–ª—è –ø–æ–¥—Å—á
                                                  —ë—Ç–∞ —á–∏—Å–ª–∞ –∫–æ–º–±...

You may provide a definition with
\DeclareUnicodeCharacter 


! LaTeX Error: Unicode character —ë (U+0451)
               not set up for use with LaTeX.

See the LaTeX manual or LaTeX Companion for explanation.
Type  H <return>  for immediate help.
 ...                                              
                                                  
l.3 ...—Ç–∞—Ä–Ω—ã–µ —Ñ–∞–∫—Ç—ã –¥–ª—è –ø–æ–¥—Å—á—ë
                                                  —Ç–∞ —á–∏—Å–ª–∞ –∫–æ–º–±–∏...

You may provide a definition with
\DeclareUnicodeCharacter 


! LaTeX Error: Unicode character —Ç (U+0442)
               not set up for use with LaTeX.

See the LaTeX manual or LaTeX Companion for explanation.
Type  H <return>  for immediate help.
 ...                                              
                                                  
l.3 ...–∞—Ä–Ω—ã–µ —Ñ–∞–∫—Ç—ã –¥–ª—è –ø–æ–¥—Å—á—ë—Ç
                                                  –∞ —á–∏—Å–ª–∞ –∫–æ–º–±–∏–Ω...

You may provide a definition with
\DeclareUnicodeCharacter 


! LaTeX Error: Unicode character –∞ (U+0430)
               not set up for use with LaTeX.

See the LaTeX manual or LaTeX Companion for explanation.
Type  H <return>  for immediate help.
 ...                                              
                                                  
l.3 ...—Ä–Ω—ã–µ —Ñ–∞–∫—Ç—ã –¥–ª—è –ø–æ–¥—Å—á—ë—Ç–∞
                                                   —á–∏—Å–ª–∞ –∫–æ–º–±–∏–Ω–∞...

You may provide a definition with
\DeclareUnicodeCharacter 


! LaTeX Error: Unicode character —á (U+0447)
               not set up for use with LaTeX.

See the LaTeX manual or LaTeX Companion for explanation.
Type  H <return>  for immediate help.
 ...                                              
                                                  
l.3 ...Ω—ã–µ —Ñ–∞–∫—Ç—ã –¥–ª—è –ø–æ–¥—Å—á—ë—Ç–∞ —á
                                                  –∏—Å–ª–∞ –∫–æ–º–±–∏–Ω–∞—Ü–...

You may provide a definition with
\DeclareUnicodeCharacter 


! LaTeX Error: Unicode character –∏ (U+0438)
               not set up for use with LaTeX.

See the LaTeX manual or LaTeX Companion for explanation.
Type  H <return>  for immediate help.
 ...                                              
                                                  
l.3 ...ã–µ —Ñ–∞–∫—Ç—ã –¥–ª—è –ø–æ–¥—Å—á—ë—Ç–∞ —á–∏
                                                  —Å–ª–∞ –∫–æ–º–±–∏–Ω–∞—Ü–∏–π}
You may provide a definition with
\DeclareUnicodeCharacter 


! LaTeX Error: Unicode character —Å (U+0441)
               not set up for use with LaTeX.

See the LaTeX manual or LaTeX Companion for explanation.
Type  H <return>  for immediate help.
 ...                                              
                                                  
l.3 ...µ —Ñ–∞–∫—Ç—ã –¥–ª—è –ø–æ–¥—Å—á—ë—Ç–∞ —á–∏—Å
                                                  –ª–∞ –∫–æ–º–±–∏–Ω–∞—Ü–∏–π}
You may provide a definition with
\DeclareUnicodeCharacter 


! LaTeX Error: Unicode character –ª (U+043B)
               not set up for use with LaTeX.

See the LaTeX manual or LaTeX Companion for explanation.
Type  H <return>  for immediate help.
 ...                                              
                                                  
l.3 ...—Ñ–∞–∫—Ç—ã –¥–ª—è –ø–æ–¥—Å—á—ë—Ç–∞ —á–∏—Å–ª
                                                  –∞ –∫–æ–º–±–∏–Ω–∞—Ü–∏–π}
You may provide a definition with
\DeclareUnicodeCharacter 


! LaTeX Error: Unicode character –∞ (U+0430)
               not set up for use with LaTeX.

See the LaTeX manual or LaTeX Companion for explanation.
Type  H <return>  for immediate help.
 ...                                              
                                                  
l.3 ...–∞–∫—Ç—ã –¥–ª—è –ø–æ–¥—Å—á—ë—Ç–∞ —á–∏—Å–ª–∞
                                                   –∫–æ–º–±–∏–Ω–∞—Ü–∏–π}
You may provide a definition with
\DeclareUnicodeCharacter 


! LaTeX Error: Unicode character –∫ (U+043A)
               not set up for use with LaTeX.

See the LaTeX manual or LaTeX Companion for explanation.
Type  H <return>  for immediate help.
 ...                                              
                                                  
l.3 ...∫—Ç—ã –¥–ª—è –ø–æ–¥—Å—á—ë—Ç–∞ —á–∏—Å–ª–∞ –∫
                                                  –æ–º–±–∏–Ω–∞—Ü–∏–π}
You may provide a definition with
\DeclareUnicodeCharacter 


! LaTeX Error: Unicode character –æ (U+043E)
               not set up for use with LaTeX.

See the LaTeX manual or LaTeX Companion for explanation.
Type  H <return>  for immediate help.
 ...                                              
                                                  
l.3 ...Ç—ã –¥–ª—è –ø–æ–¥—Å—á—ë—Ç–∞ —á–∏—Å–ª–∞ –∫–æ
                                                  –º–±–∏–Ω–∞—Ü–∏–π}
You may provide a definition with
\DeclareUnicodeCharacter 


! LaTeX Error: Unicode character –º (U+043C)
               not set up for use with LaTeX.

See the LaTeX manual or LaTeX Companion for explanation.
Type  H <return>  for immediate help.
 ...                                              
                                                  
l.3 ...ã –¥–ª—è –ø–æ–¥—Å—á—ë—Ç–∞ —á–∏—Å–ª–∞ –∫–æ–º
                                                  –±–∏–Ω–∞—Ü–∏–π}
You may provide a definition with
\DeclareUnicodeCharacter 


! LaTeX Error: Unicode character –± (U+0431)
               not set up for use with LaTeX.

See the LaTeX manual or LaTeX Companion for explanation.
Type  H <return>  for immediate help.
 ...                                              
                                                  
l.3 ...–¥–ª—è –ø–æ–¥—Å—á—ë—Ç–∞ —á–∏—Å–ª–∞ –∫–æ–º–±
                                                  –∏–Ω–∞—Ü–∏–π}
You may provide a definition with
\DeclareUnicodeCharacter 


! LaTeX Error: Unicode character –∏ (U+0438)
               not set up for use with LaTeX.

See the LaTeX manual or LaTeX Companion for explanation.
Type  H <return>  for immediate help.
 ...                                              
                                                  
l.3 ...–ª—è –ø–æ–¥—Å—á—ë—Ç–∞ —á–∏—Å–ª–∞ –∫–æ–º–±–∏
                                                  –Ω–∞—Ü–∏–π}
You may provide a definition with
\DeclareUnicodeCharacter 


! LaTeX Error: Unicode character –Ω (U+043D)
               not set up for use with LaTeX.

See the LaTeX manual or LaTeX Companion for explanation.
Type  H <return>  for immediate help.
 ...                                              
                                                  
l.3 ...—è –ø–æ–¥—Å—á—ë—Ç–∞ —á–∏—Å–ª–∞ –∫–æ–º–±–∏–Ω
                                                  –∞—Ü–∏–π}
You may provide a definition with
\DeclareUnicodeCharacter 


! LaTeX Error: Unicode character –∞ (U+0430)
               not set up for use with LaTeX.

See the LaTeX manual or LaTeX Companion for explanation.
Type  H <return>  for immediate help.
 ...                                              
                                                  
l.3 ... –ø–æ–¥—Å—á—ë—Ç–∞ —á–∏—Å–ª–∞ –∫–æ–º–±–∏–Ω–∞
                                                  —Ü–∏–π}
You may provide a definition with
\DeclareUnicodeCharacter 


! LaTeX Error: Unicode character —Ü (U+0446)
               not set up for use with LaTeX.

See the LaTeX manual or LaTeX Companion for explanation.
Type  H <return>  for immediate help.
 ...                                              
                                                  
l.3 ...ø–æ–¥—Å—á—ë—Ç–∞ —á–∏—Å–ª–∞ –∫–æ–º–±–∏–Ω–∞—Ü
                                                  –∏–π}
You may provide a definition with
\DeclareUnicodeCharacter 


! LaTeX Error: Unicode character –∏ (U+0438)
               not set up for use with LaTeX.

See the LaTeX manual or LaTeX Companion for explanation.
Type  H <return>  for immediate help.
 ...                                              
                                                  
l.3 ...æ–¥—Å—á—ë—Ç–∞ —á–∏—Å–ª–∞ –∫–æ–º–±–∏–Ω–∞—Ü–∏
                                                  –π}
You may provide a definition with
\DeclareUnicodeCharacter 


! LaTeX Error: Unicode character –π (U+0439)
               not set up for use with LaTeX.

See the LaTeX manual or LaTeX Companion for explanation.
Type  H <return>  for immediate help.
 ...                                              
                                                  
l.3 ...¥—Å—á—ë—Ç–∞ —á–∏—Å–ª–∞ –∫–æ–º–±–∏–Ω–∞—Ü–∏–π
                                                  }
You may provide a definition with
\DeclareUnicodeCharacter 


! LaTeX Error: Unicode character –¶ (U+0426)
               not set up for use with LaTeX.

See the LaTeX manual or LaTeX Companion for explanation.
Type  H <return>  for immediate help.
 ...                                              
                                                  
l.5 –¶
      –µ–Ω—Ç—Ä–∞–ª—å–Ω–æ–π –∑–∞–¥–∞—á–µ–π –∫–æ–º–±–∏–Ω–∞—Ç–æ—Ä–Ω–æ–π –º–∞—Ç–...

You may provide a definition with
\DeclareUnicodeCharacter 


! LaTeX Error: Unicode character –µ (U+0435)
               not set up for use with LaTeX.

See the LaTeX manual or LaTeX Companion for explanation.
Type  H <return>  for immediate help.
 ...                                              
                                                  
l.5 –¶–µ
        –Ω—Ç—Ä–∞–ª—å–Ω–æ–π –∑–∞–¥–∞—á–µ–π –∫–æ–º–±–∏–Ω–∞—Ç–æ—Ä–Ω–æ–π –º–∞—Ç–...

You may provide a definition with
\DeclareUnicodeCharacter 


! LaTeX Error: Unicode character –Ω (U+043D)
               not set up for use with LaTeX.

See the LaTeX manual or LaTeX Companion for explanation.
Type  H <return>  for immediate help.
 ...                                              
                                                  
l.5 –¶–µ–Ω
          —Ç—Ä–∞–ª—å–Ω–æ–π –∑–∞–¥–∞—á–µ–π –∫–æ–º–±–∏–Ω–∞—Ç–æ—Ä–Ω–æ–π –º–∞—Ç–...

You may provide a definition with
\DeclareUnicodeCharacter 


! LaTeX Error: Unicode character —Ç (U+0442)
               not set up for use with LaTeX.

See the LaTeX manual or LaTeX Companion for explanation.
Type  H <return>  for immediate help.
 ...                                              
                                                  
l.5 –¶–µ–Ω—Ç
            —Ä–∞–ª—å–Ω–æ–π –∑–∞–¥–∞—á–µ–π –∫–æ–º–±–∏–Ω–∞—Ç–æ—Ä–Ω–æ–π –º–∞—Ç–...

You may provide a definition with
\DeclareUnicodeCharacter 


! LaTeX Error: Unicode character —Ä (U+0440)
               not set up for use with LaTeX.

See the LaTeX manual or LaTeX Companion for explanation.
Type  H <return>  for immediate help.
 ...                                              
                                                  
l.5 –¶–µ–Ω—Ç—Ä
              –∞–ª—å–Ω–æ–π –∑–∞–¥–∞—á–µ–π –∫–æ–º–±–∏–Ω–∞—Ç–æ—Ä–Ω–æ–π –º–∞—Ç–...

You may provide a definition with
\DeclareUnicodeCharacter 


! LaTeX Error: Unicode character –∞ (U+0430)
               not set up for use with LaTeX.

See the LaTeX manual or LaTeX Companion for explanation.
Type  H <return>  for immediate help.
 ...                                              
                                                  
l.5 –¶–µ–Ω—Ç—Ä–∞
                –ª—å–Ω–æ–π –∑–∞–¥–∞—á–µ–π –∫–æ–º–±–∏–Ω–∞—Ç–æ—Ä–Ω–æ–π –º–∞—Ç–...

You may provide a definition with
\DeclareUnicodeCharacter 


! LaTeX Error: Unicode character –ª (U+043B)
               not set up for use with LaTeX.

See the LaTeX manual or LaTeX Companion for explanation.
Type  H <return>  for immediate help.
 ...                                              
                                                  
l.5 –¶–µ–Ω—Ç—Ä–∞–ª
                  —å–Ω–æ–π –∑–∞–¥–∞—á–µ–π –∫–æ–º–±–∏–Ω–∞—Ç–æ—Ä–Ω–æ–π –º–∞—Ç–...

You may provide a definition with
\DeclareUnicodeCharacter 


! LaTeX Error: Unicode character —å (U+044C)
               not set up for use with LaTeX.

See the LaTeX manual or LaTeX Companion for explanation.
Type  H <return>  for immediate help.
 ...                                              
                                                  
l.5 –¶–µ–Ω—Ç—Ä–∞–ª—å
                    –Ω–æ–π –∑–∞–¥–∞—á–µ–π –∫–æ–º–±–∏–Ω–∞—Ç–æ—Ä–Ω–æ–π –º–∞—Ç–...

You may provide a definition with
\DeclareUnicodeCharacter 


! LaTeX Error: Unicode character –Ω (U+043D)
               not set up for use with LaTeX.

See the LaTeX manual or LaTeX Companion for explanation.
Type  H <return>  for immediate help.
 ...                                              
                                                  
l.5 –¶–µ–Ω—Ç—Ä–∞–ª—å–Ω
                      –æ–π –∑–∞–¥–∞—á–µ–π –∫–æ–º–±–∏–Ω–∞—Ç–æ—Ä–Ω–æ–π –º–∞—Ç–...

You may provide a definition with
\DeclareUnicodeCharacter 


! LaTeX Error: Unicode character –æ (U+043E)
               not set up for use with LaTeX.

See the LaTeX manual or LaTeX Companion for explanation.
Type  H <return>  for immediate help.
 ...                                              
                                                  
l.5 –¶–µ–Ω—Ç—Ä–∞–ª—å–Ω–æ
                        –π –∑–∞–¥–∞—á–µ–π –∫–æ–º–±–∏–Ω–∞—Ç–æ—Ä–Ω–æ–π –º–∞—Ç–...

You may provide a definition with
\DeclareUnicodeCharacter 


! LaTeX Error: Unicode character –π (U+0439)
               not set up for use with LaTeX.

See the LaTeX manual or LaTeX Companion for explanation.
Type  H <return>  for immediate help.
 ...                                              
                                                  
l.5 –¶–µ–Ω—Ç—Ä–∞–ª—å–Ω–æ–π
                           –∑–∞–¥–∞—á–µ–π –∫–æ–º–±–∏–Ω–∞—Ç–æ—Ä–Ω–æ–π –º–∞—Ç–...

You may provide a definition with
\DeclareUnicodeCharacter 


! LaTeX Error: Unicode character –∑ (U+0437)
               not set up for use with LaTeX.

See the LaTeX manual or LaTeX Companion for explanation.
Type  H <return>  for immediate help.
 ...                                              
                                                  
l.5 –¶–µ–Ω—Ç—Ä–∞–ª—å–Ω–æ–π –∑
                             –∞–¥–∞—á–µ–π –∫–æ–º–±–∏–Ω–∞—Ç–æ—Ä–Ω–æ–π –º–∞—Ç–...

You may provide a definition with
\DeclareUnicodeCharacter 


! LaTeX Error: Unicode character –∞ (U+0430)
               not set up for use with LaTeX.

See the LaTeX manual or LaTeX Companion for explanation.
Type  H <return>  for immediate help.
 ...                                              
                                                  
l.5 –¶–µ–Ω—Ç—Ä–∞–ª—å–Ω–æ–π –∑–∞
                               –¥–∞—á–µ–π –∫–æ–º–±–∏–Ω–∞—Ç–æ—Ä–Ω–æ–π –º–∞—Ç–...

You may provide a definition with
\DeclareUnicodeCharacter 


! LaTeX Error: Unicode character –¥ (U+0434)
               not set up for use with LaTeX.

See the LaTeX manual or LaTeX Companion for explanation.
Type  H <return>  for immediate help.
 ...                                              
                                                  
l.5 –¶–µ–Ω—Ç—Ä–∞–ª—å–Ω–æ–π –∑–∞–¥
                                 –∞—á–µ–π –∫–æ–º–±–∏–Ω–∞—Ç–æ—Ä–Ω–æ–π –º–∞—Ç–...

You may provide a definition with
\DeclareUnicodeCharacter 


! LaTeX Error: Unicode character –∞ (U+0430)
               not set up for use with LaTeX.

See the LaTeX manual or LaTeX Companion for explanation.
Type  H <return>  for immediate help.
 ...                                              
                                                  
l.5 –¶–µ–Ω—Ç—Ä–∞–ª—å–Ω–æ–π –∑–∞–¥–∞
                                   —á–µ–π –∫–æ–º–±–∏–Ω–∞—Ç–æ—Ä–Ω–æ–π –º–∞—Ç–...

You may provide a definition with
\DeclareUnicodeCharacter 


! LaTeX Error: Unicode character —á (U+0447)
               not set up for use with LaTeX.

See the LaTeX manual or LaTeX Companion for explanation.
Type  H <return>  for immediate help.
 ...                                              
                                                  
l.5 –¶–µ–Ω—Ç—Ä–∞–ª—å–Ω–æ–π –∑–∞–¥–∞—á
                                     –µ–π –∫–æ–º–±–∏–Ω–∞—Ç–æ—Ä–Ω–æ–π –º–∞—Ç–...

You may provide a definition with
\DeclareUnicodeCharacter 


! LaTeX Error: Unicode character –µ (U+0435)
               not set up for use with LaTeX.

See the LaTeX manual or LaTeX Companion for explanation.
Type  H <return>  for immediate help.
 ...                                              
                                                  
l.5 –¶–µ–Ω—Ç—Ä–∞–ª—å–Ω–æ–π –∑–∞–¥–∞—á–µ
                                       –π –∫–æ–º–±–∏–Ω–∞—Ç–æ—Ä–Ω–æ–π –º–∞—Ç–...

You may provide a definition with
\DeclareUnicodeCharacter 


! LaTeX Error: Unicode character –π (U+0439)
               not set up for use with LaTeX.

See the LaTeX manual or LaTeX Companion for explanation.
Type  H <return>  for immediate help.
 ...                                              
                                                  
l.5 –¶–µ–Ω—Ç—Ä–∞–ª—å–Ω–æ–π –∑–∞–¥–∞—á–µ–π
                                          –∫–æ–º–±–∏–Ω–∞—Ç–æ—Ä–Ω–æ–π –º–∞—Ç–...

You may provide a definition with
\DeclareUnicodeCharacter 


! LaTeX Error: Unicode character –∫ (U+043A)
               not set up for use with LaTeX.

See the LaTeX manual or LaTeX Companion for explanation.
Type  H <return>  for immediate help.
 ...                                              
                                                  
l.5 –¶–µ–Ω—Ç—Ä–∞–ª—å–Ω–æ–π –∑–∞–¥–∞—á–µ–π –∫
                                            –æ–º–±–∏–Ω–∞—Ç–æ—Ä–Ω–æ–π –º–∞—Ç–...

You may provide a definition with
\DeclareUnicodeCharacter 


! LaTeX Error: Unicode character –æ (U+043E)
               not set up for use with LaTeX.

See the LaTeX manual or LaTeX Companion for explanation.
Type  H <return>  for immediate help.
 ...                                              
                                                  
l.5 –¶–µ–Ω—Ç—Ä–∞–ª—å–Ω–æ–π –∑–∞–¥–∞—á–µ–π –∫–æ
                                              –º–±–∏–Ω–∞—Ç–æ—Ä–Ω–æ–π –º–∞—Ç–...

You may provide a definition with
\DeclareUnicodeCharacter 


! LaTeX Error: Unicode character –º (U+043C)
               not set up for use with LaTeX.

See the LaTeX manual or LaTeX Companion for explanation.
Type  H <return>  for immediate help.
 ...                                              
                                                  
l.5 –¶–µ–Ω—Ç—Ä–∞–ª—å–Ω–æ–π –∑–∞–¥–∞—á–µ–π –∫–æ–º
                                                –±–∏–Ω–∞—Ç–æ—Ä–Ω–æ–π –º–∞—Ç–...

You may provide a definition with
\DeclareUnicodeCharacter 


! LaTeX Error: Unicode character –± (U+0431)
               not set up for use with LaTeX.

See the LaTeX manual or LaTeX Companion for explanation.
Type  H <return>  for immediate help.
 ...                                              
                                                  
l.5 –¶–µ–Ω—Ç—Ä–∞–ª—å–Ω–æ–π –∑–∞–¥–∞—á–µ–π –∫–æ–º–±
                                                  –∏–Ω–∞—Ç–æ—Ä–Ω–æ–π –º–∞—Ç–...

You may provide a definition with
\DeclareUnicodeCharacter 


! LaTeX Error: Unicode character –∏ (U+0438)
               not set up for use with LaTeX.

See the LaTeX manual or LaTeX Companion for explanation.
Type  H <return>  for immediate help.
 ...                                              
                                                  
l.5 ...Ω—Ç—Ä–∞–ª—å–Ω–æ–π –∑–∞–¥–∞—á–µ–π –∫–æ–º–±–∏
                                                  –Ω–∞—Ç–æ—Ä–Ω–æ–π –º–∞—Ç–µ–...

You may provide a definition with
\DeclareUnicodeCharacter 


! LaTeX Error: Unicode character –Ω (U+043D)
               not set up for use with LaTeX.

See the LaTeX manual or LaTeX Companion for explanation.
Type  H <return>  for immediate help.
 ...                                              
                                                  
l.5 ...Ç—Ä–∞–ª—å–Ω–æ–π –∑–∞–¥–∞—á–µ–π –∫–æ–º–±–∏–Ω
                                                  –∞—Ç–æ—Ä–Ω–æ–π –º–∞—Ç–µ–º–...

You may provide a definition with
\DeclareUnicodeCharacter 


! LaTeX Error: Unicode character –∞ (U+0430)
               not set up for use with LaTeX.

See the LaTeX manual or LaTeX Companion for explanation.
Type  H <return>  for immediate help.
 ...                                              
                                                  
l.5 ...Ä–∞–ª—å–Ω–æ–π –∑–∞–¥–∞—á–µ–π –∫–æ–º–±–∏–Ω–∞
                                                  —Ç–æ—Ä–Ω–æ–π –º–∞—Ç–µ–º–∞—...

You may provide a definition with
\DeclareUnicodeCharacter 


! LaTeX Error: Unicode character —Ç (U+0442)
               not set up for use with LaTeX.

See the LaTeX manual or LaTeX Companion for explanation.
Type  H <return>  for immediate help.
 ...                                              
                                                  
l.5 ...∞–ª—å–Ω–æ–π –∑–∞–¥–∞—á–µ–π –∫–æ–º–±–∏–Ω–∞—Ç
                                                  –æ—Ä–Ω–æ–π –º–∞—Ç–µ–º–∞—Ç–...

You may provide a definition with
\DeclareUnicodeCharacter 


! LaTeX Error: Unicode character –æ (U+043E)
               not set up for use with LaTeX.

See the LaTeX manual or LaTeX Companion for explanation.
Type  H <return>  for immediate help.
 ...                                              
                                                  
l.5 ...ª—å–Ω–æ–π –∑–∞–¥–∞—á–µ–π –∫–æ–º–±–∏–Ω–∞—Ç–æ
                                                  —Ä–Ω–æ–π –º–∞—Ç–µ–º–∞—Ç–∏–...

You may provide a definition with
\DeclareUnicodeCharacter 


! LaTeX Error: Unicode character —Ä (U+0440)
               not set up for use with LaTeX.

See the LaTeX manual or LaTeX Companion for explanation.
Type  H <return>  for immediate help.
 ...                                              
                                                  
l.5 ...å–Ω–æ–π –∑–∞–¥–∞—á–µ–π –∫–æ–º–±–∏–Ω–∞—Ç–æ—Ä
                                                  –Ω–æ–π –º–∞—Ç–µ–º–∞—Ç–∏–∫–...

You may provide a definition with
\DeclareUnicodeCharacter 


! LaTeX Error: Unicode character –Ω (U+043D)
               not set up for use with LaTeX.

See the LaTeX manual or LaTeX Companion for explanation.
Type  H <return>  for immediate help.
 ...                                              
                                                  
l.5 ...Ω–æ–π –∑–∞–¥–∞—á–µ–π –∫–æ–º–±–∏–Ω–∞—Ç–æ—Ä–Ω
                                                  –æ–π –º–∞—Ç–µ–º–∞—Ç–∏–∫–∏ ...

You may provide a definition with
\DeclareUnicodeCharacter 


! LaTeX Error: Unicode character –æ (U+043E)
               not set up for use with LaTeX.

See the LaTeX manual or LaTeX Companion for explanation.
Type  H <return>  for immediate help.
 ...                                              
                                                  
l.5 ...æ–π –∑–∞–¥–∞—á–µ–π –∫–æ–º–±–∏–Ω–∞—Ç–æ—Ä–Ω–æ
                                                  –π –º–∞—Ç–µ–º–∞—Ç–∏–∫–∏ –º...
(That makes 100 errors; please try again.) 
Here is how much of TeX's memory you used:
 42 strings out of 473566
 767 string characters out of 5718235
 390437 words of memory out of 5000000
 23327 multiletter control sequences out of 15000+600000
 558069 words of font info for 36 fonts, out of 8000000 for 9000
 1141 hyphenation exceptions out of 8191
 12i,0n,13p,384b,38s stack positions out of 10000i,1000n,20000p,200000b,200000s

!  ==> Fatal error occurred, no output PDF file produced!
